# JRE version: Java(TM) SE Runtime Environment (12.0.1+12) (build 12.0.1+12)
# Java VM: Java HotSpot(TM) 64-Bit Server VM (12.0.1+12, mixed mode, sharing, tiered, compressed oops, g1 gc, windows-amd64)
Heap:
 garbage-first heap   total 59392K, used 31900K [0x0000000082200000, 0x0000000100000000)
  region size 1024K, 12 young (12288K), 4 survivors (4096K)
 Metaspace       used 52187K, capacity 54231K, committed 54528K, reserved 1095680K
  class space    used 7303K, capacity 8123K, committed 8192K, reserved 1048576K
GC Heap History (10 events):
Event: 18.678 GC heap before
{Heap before GC invocations=16 (full 0):
 garbage-first heap   total 49152K, used 37118K [0x0000000082200000, 0x0000000100000000)
  region size 1024K, 20 young (20480K), 3 survivors (3072K)
 Metaspace       used 37963K, capacity 39448K, committed 39552K, reserved 1083392K
  class space    used 5131K, capacity 5750K, committed 5760K, reserved 1048576K
}
Event: 18.689 GC heap after
{Heap after GC invocations=17 (full 0):
 garbage-first heap   total 59392K, used 20755K [0x0000000082200000, 0x0000000100000000)
  region size 1024K, 3 young (3072K), 3 survivors (3072K)
 Metaspace       used 37963K, capacity 39448K, committed 39552K, reserved 1083392K
  class space    used 5131K, capacity 5750K, committed 5760K, reserved 1048576K
}
Event: 19.205 GC heap before
{Heap before GC invocations=17 (full 0):
 garbage-first heap   total 59392K, used 42259K [0x0000000082200000, 0x0000000100000000)
  region size 1024K, 24 young (24576K), 3 survivors (3072K)
 Metaspace       used 40889K, capacity 42477K, committed 42624K, reserved 1085440K
  class space    used 5550K, capacity 6206K, committed 6272K, reserved 1048576K
}
Event: 19.212 GC heap after
{Heap after GC invocations=18 (full 0):
 garbage-first heap   total 59392K, used 21643K [0x0000000082200000, 0x0000000100000000)
  region size 1024K, 3 young (3072K), 3 survivors (3072K)
 Metaspace       used 40889K, capacity 42477K, committed 42624K, reserved 1085440K
  class space    used 5550K, capacity 6206K, committed 6272K, reserved 1048576K
}
Event: 19.771 GC heap before
{Heap before GC invocations=18 (full 0):
 garbage-first heap   total 59392K, used 44171K [0x0000000082200000, 0x0000000100000000)
  region size 1024K, 25 young (25600K), 3 survivors (3072K)
 Metaspace       used 43749K, capacity 45295K, committed 45440K, reserved 1087488K
  class space    used 6091K, capacity 6733K, committed 6784K, reserved 1048576K
}
Event: 19.778 GC heap after
{Heap after GC invocations=19 (full 0):
 garbage-first heap   total 59392K, used 22145K [0x0000000082200000, 0x0000000100000000)
  region size 1024K, 2 young (2048K), 2 survivors (2048K)
 Metaspace       used 43749K, capacity 45295K, committed 45440K, reserved 1087488K
  class space    used 6091K, capacity 6733K, committed 6784K, reserved 1048576K
}
Event: 21.521 GC heap before
{Heap before GC invocations=19 (full 0):
 garbage-first heap   total 59392K, used 45697K [0x0000000082200000, 0x0000000100000000)
  region size 1024K, 25 young (25600K), 2 survivors (2048K)
 Metaspace       used 47353K, capacity 49051K, committed 49152K, reserved 1091584K
  class space    used 6621K, capacity 7328K, committed 7424K, reserved 1048576K
}
Event: 21.527 GC heap after
{Heap after GC invocations=20 (full 0):
 garbage-first heap   total 59392K, used 23436K [0x0000000082200000, 0x0000000100000000)
  region size 1024K, 4 young (4096K), 4 survivors (4096K)
 Metaspace       used 47353K, capacity 49051K, committed 49152K, reserved 1091584K
  class space    used 6621K, capacity 7328K, committed 7424K, reserved 1048576K
}
Event: 22.647 GC heap before
{Heap before GC invocations=20 (full 0):
 garbage-first heap   total 59392K, used 44940K [0x0000000082200000, 0x0000000100000000)
  region size 1024K, 26 young (26624K), 4 survivors (4096K)
 Metaspace       used 51121K, capacity 53057K, committed 53376K, reserved 1095680K
  class space    used 7139K, capacity 7942K, committed 8064K, reserved 1048576K
}
Event: 22.654 GC heap after
{Heap after GC invocations=21 (full 0):
 garbage-first heap   total 59392K, used 24732K [0x0000000082200000, 0x0000000100000000)
  region size 1024K, 4 young (4096K), 4 survivors (4096K)
 Metaspace       used 51121K, capacity 53057K, committed 53376K, reserved 1095680K
  class space    used 7139K, capacity 7942K, committed 8064K, reserved 1048576K
}

