# JRE version: Java(TM) SE Runtime Environment (12.0.1+12) (build 12.0.1+12)
# Java VM: Java HotSpot(TM) 64-Bit Server VM (12.0.1+12, mixed mode, sharing, tiered, compressed oops, g1 gc, windows-amd64)
Heap:
 garbage-first heap   total 48128K, used 33391K [0x00000000e0000000, 0x0000000100000000)
  region size 1024K, 11 young (11264K), 1 survivors (1024K)
 Metaspace       used 45256K, capacity 46982K, committed 47232K, reserved 1089536K
  class space    used 6348K, capacity 6994K, committed 7040K, reserved 1048576K
GC Heap History (10 events):
Event: 23.684 GC heap before
{Heap before GC invocations=29 (full 0):
 garbage-first heap   total 45056K, used 34829K [0x00000000e0000000, 0x0000000100000000)
  region size 1024K, 12 young (12288K), 1 survivors (1024K)
 Metaspace       used 44770K, capacity 46397K, committed 46720K, reserved 1089536K
  class space    used 6302K, capacity 6952K, committed 7040K, reserved 1048576K
}
Event: 23.693 GC heap after
{Heap after GC invocations=30 (full 0):
 garbage-first heap   total 45056K, used 23998K [0x00000000e0000000, 0x0000000100000000)
  region size 1024K, 2 young (2048K), 2 survivors (2048K)
 Metaspace       used 44770K, capacity 46397K, committed 46720K, reserved 1089536K
  class space    used 6302K, capacity 6952K, committed 7040K, reserved 1048576K
}
Event: 23.829 GC heap before
{Heap before GC invocations=30 (full 0):
 garbage-first heap   total 45056K, used 25022K [0x00000000e0000000, 0x0000000100000000)
  region size 1024K, 3 young (3072K), 2 survivors (2048K)
 Metaspace       used 44945K, capacity 46583K, committed 46720K, reserved 1089536K
  class space    used 6328K, capacity 6992K, committed 7040K, reserved 1048576K
}
Event: 23.840 GC heap after
{Heap after GC invocations=31 (full 0):
 garbage-first heap   total 45056K, used 23179K [0x00000000e0000000, 0x0000000100000000)
  region size 1024K, 1 young (1024K), 1 survivors (1024K)
 Metaspace       used 44945K, capacity 46583K, committed 46720K, reserved 1089536K
  class space    used 6328K, capacity 6992K, committed 7040K, reserved 1048576K
}
Event: 24.220 GC heap before
{Heap before GC invocations=31 (full 0):
 garbage-first heap   total 45056K, used 34443K [0x00000000e0000000, 0x0000000100000000)
  region size 1024K, 12 young (12288K), 1 survivors (1024K)
 Metaspace       used 45126K, capacity 46783K, committed 46976K, reserved 1089536K
  class space    used 6348K, capacity 6994K, committed 7040K, reserved 1048576K
}
Event: 24.225 GC heap after
{Heap after GC invocations=32 (full 0):
 garbage-first heap   total 45056K, used 23937K [0x00000000e0000000, 0x0000000100000000)
  region size 1024K, 2 young (2048K), 2 survivors (2048K)
 Metaspace       used 45126K, capacity 46783K, committed 46976K, reserved 1089536K
  class space    used 6348K, capacity 6994K, committed 7040K, reserved 1048576K
}
Event: 24.536 GC heap before
{Heap before GC invocations=33 (full 0):
 garbage-first heap   total 48128K, used 33153K [0x00000000e0000000, 0x0000000100000000)
  region size 1024K, 12 young (12288K), 2 survivors (2048K)
 Metaspace       used 45198K, capacity 46854K, committed 46976K, reserved 1089536K
  class space    used 6348K, capacity 6994K, committed 7040K, reserved 1048576K
}
Event: 24.540 GC heap after
{Heap after GC invocations=34 (full 0):
 garbage-first heap   total 48128K, used 24220K [0x00000000e0000000, 0x0000000100000000)
  region size 1024K, 2 young (2048K), 2 survivors (2048K)
 Metaspace       used 45198K, capacity 46854K, committed 46976K, reserved 1089536K
  class space    used 6348K, capacity 6994K, committed 7040K, reserved 1048576K
}
Event: 24.585 GC heap before
{Heap before GC invocations=34 (full 0):
 garbage-first heap   total 48128K, used 25244K [0x00000000e0000000, 0x0000000100000000)
  region size 1024K, 3 young (3072K), 2 survivors (2048K)
 Metaspace       used 45217K, capacity 46854K, committed 46976K, reserved 1089536K
  class space    used 6348K, capacity 6994K, committed 7040K, reserved 1048576K
}
Event: 24.590 GC heap after
{Heap after GC invocations=35 (full 0):
 garbage-first heap   total 48128K, used 24175K [0x00000000e0000000, 0x0000000100000000)
  region size 1024K, 1 young (1024K), 1 survivors (1024K)
 Metaspace       used 45217K, capacity 46854K, committed 46976K, reserved 1089536K
  class space    used 6348K, capacity 6994K, committed 7040K, reserved 1048576K
}

