# JRE version: Java(TM) SE Runtime Environment (12.0.1+12) (build 12.0.1+12)
# Java VM: Java HotSpot(TM) 64-Bit Server VM (12.0.1+12, mixed mode, sharing, tiered, compressed oops, g1 gc, windows-amd64)
Heap:
 garbage-first heap   total 40960K, used 24768K [0x00000000e0000000, 0x0000000100000000)
  region size 1024K, 9 young (9216K), 2 survivors (2048K)
 Metaspace       used 35630K, capacity 36971K, committed 37248K, reserved 1081344K
  class space    used 4873K, capacity 5421K, committed 5504K, reserved 1048576K
GC Heap History (10 events):
Event: 15.370 GC heap before
{Heap before GC invocations=10 (full 0):
 garbage-first heap   total 40960K, used 29406K [0x00000000e0000000, 0x0000000100000000)
  region size 1024K, 18 young (18432K), 3 survivors (3072K)
 Metaspace       used 29535K, capacity 30644K, committed 30848K, reserved 1075200K
  class space    used 4001K, capacity 4436K, committed 4480K, reserved 1048576K
}
Event: 15.377 GC heap after
{Heap after GC invocations=11 (full 0):
 garbage-first heap   total 40960K, used 14876K [0x00000000e0000000, 0x0000000100000000)
  region size 1024K, 2 young (2048K), 2 survivors (2048K)
 Metaspace       used 29535K, capacity 30644K, committed 30848K, reserved 1075200K
  class space    used 4001K, capacity 4436K, committed 4480K, reserved 1048576K
}
Event: 15.861 GC heap before
{Heap before GC invocations=11 (full 0):
 garbage-first heap   total 40960K, used 30236K [0x00000000e0000000, 0x0000000100000000)
  region size 1024K, 18 young (18432K), 2 survivors (2048K)
 Metaspace       used 32490K, capacity 33686K, committed 33792K, reserved 1079296K
  class space    used 4399K, capacity 4854K, committed 4864K, reserved 1048576K
}
Event: 15.867 GC heap after
{Heap after GC invocations=12 (full 0):
 garbage-first heap   total 40960K, used 15856K [0x00000000e0000000, 0x0000000100000000)
  region size 1024K, 2 young (2048K), 2 survivors (2048K)
 Metaspace       used 32490K, capacity 33686K, committed 33792K, reserved 1079296K
  class space    used 4399K, capacity 4854K, committed 4864K, reserved 1048576K
}
Event: 16.318 GC heap before
{Heap before GC invocations=12 (full 0):
 garbage-first heap   total 40960K, used 31216K [0x00000000e0000000, 0x0000000100000000)
  region size 1024K, 17 young (17408K), 2 survivors (2048K)
 Metaspace       used 33976K, capacity 35251K, committed 35456K, reserved 1079296K
  class space    used 4628K, capacity 5123K, committed 5248K, reserved 1048576K
}
Event: 16.324 GC heap after
{Heap after GC invocations=13 (full 0):
 garbage-first heap   total 40960K, used 17340K [0x00000000e0000000, 0x0000000100000000)
  region size 1024K, 3 young (3072K), 3 survivors (3072K)
 Metaspace       used 33976K, capacity 35251K, committed 35456K, reserved 1079296K
  class space    used 4628K, capacity 5123K, committed 5248K, reserved 1048576K
}
Event: 16.456 GC heap before
{Heap before GC invocations=13 (full 0):
 garbage-first heap   total 40960K, used 20412K [0x00000000e0000000, 0x0000000100000000)
  region size 1024K, 7 young (7168K), 3 survivors (3072K)
 Metaspace       used 34440K, capacity 35739K, committed 35840K, reserved 1079296K
  class space    used 4708K, capacity 5202K, committed 5248K, reserved 1048576K
}
Event: 16.462 GC heap after
{Heap after GC invocations=14 (full 0):
 garbage-first heap   total 40960K, used 17693K [0x00000000e0000000, 0x0000000100000000)
  region size 1024K, 2 young (2048K), 2 survivors (2048K)
 Metaspace       used 34440K, capacity 35739K, committed 35840K, reserved 1079296K
  class space    used 4708K, capacity 5202K, committed 5248K, reserved 1048576K
}
Event: 17.146 GC heap before
{Heap before GC invocations=15 (full 0):
 garbage-first heap   total 40960K, used 29981K [0x00000000e0000000, 0x0000000100000000)
  region size 1024K, 14 young (14336K), 2 survivors (2048K)
 Metaspace       used 35318K, capacity 36727K, committed 36992K, reserved 1081344K
  class space    used 4844K, capacity 5384K, committed 5504K, reserved 1048576K
}
Event: 17.153 GC heap after
{Heap after GC invocations=16 (full 0):
 garbage-first heap   total 40960K, used 18624K [0x00000000e0000000, 0x0000000100000000)
  region size 1024K, 2 young (2048K), 2 survivors (2048K)
 Metaspace       used 35318K, capacity 36727K, committed 36992K, reserved 1081344K
  class space    used 4844K, capacity 5384K, committed 5504K, reserved 1048576K
}

