# JRE version: Java(TM) SE Runtime Environment (12.0.1+12) (build 12.0.1+12)
# Java VM: Java HotSpot(TM) 64-Bit Server VM (12.0.1+12, mixed mode, sharing, tiered, compressed oops, g1 gc, windows-amd64)
Heap:
 garbage-first heap   total 40960K, used 27757K [0x00000000e0000000, 0x0000000100000000)
  region size 1024K, 9 young (9216K), 2 survivors (2048K)
 Metaspace       used 39604K, capacity 41110K, committed 41344K, reserved 1085440K
  class space    used 5422K, capacity 5992K, committed 6016K, reserved 1048576K
GC Heap History (10 events):
Event: 28.740 GC heap before
{Heap before GC invocations=15 (full 0):
 garbage-first heap   total 40960K, used 29673K [0x00000000e0000000, 0x0000000100000000)
  region size 1024K, 14 young (14336K), 2 survivors (2048K)
 Metaspace       used 35311K, capacity 36664K, committed 36992K, reserved 1081344K
  class space    used 4844K, capacity 5384K, committed 5504K, reserved 1048576K
}
Event: 28.747 GC heap after
{Heap after GC invocations=16 (full 0):
 garbage-first heap   total 40960K, used 18349K [0x00000000e0000000, 0x0000000100000000)
  region size 1024K, 2 young (2048K), 2 survivors (2048K)
 Metaspace       used 35311K, capacity 36664K, committed 36992K, reserved 1081344K
  class space    used 4844K, capacity 5384K, committed 5504K, reserved 1048576K
}
Event: 29.168 GC heap before
{Heap before GC invocations=16 (full 0):
 garbage-first heap   total 40960K, used 29613K [0x00000000e0000000, 0x0000000100000000)
  region size 1024K, 13 young (13312K), 2 survivors (2048K)
 Metaspace       used 36074K, capacity 37496K, committed 37760K, reserved 1081344K
  class space    used 4930K, capacity 5468K, committed 5504K, reserved 1048576K
}
Event: 29.173 GC heap after
{Heap after GC invocations=17 (full 0):
 garbage-first heap   total 40960K, used 19294K [0x00000000e0000000, 0x0000000100000000)
  region size 1024K, 2 young (2048K), 2 survivors (2048K)
 Metaspace       used 36074K, capacity 37496K, committed 37760K, reserved 1081344K
  class space    used 4930K, capacity 5468K, committed 5504K, reserved 1048576K
}
Event: 29.545 GC heap before
{Heap before GC invocations=17 (full 0):
 garbage-first heap   total 40960K, used 30558K [0x00000000e0000000, 0x0000000100000000)
  region size 1024K, 13 young (13312K), 2 survivors (2048K)
 Metaspace       used 37256K, capacity 38749K, committed 39040K, reserved 1083392K
  class space    used 5082K, capacity 5655K, committed 5760K, reserved 1048576K
}
Event: 29.551 GC heap after
{Heap after GC invocations=18 (full 0):
 garbage-first heap   total 40960K, used 20000K [0x00000000e0000000, 0x0000000100000000)
  region size 1024K, 2 young (2048K), 2 survivors (2048K)
 Metaspace       used 37256K, capacity 38749K, committed 39040K, reserved 1083392K
  class space    used 5082K, capacity 5655K, committed 5760K, reserved 1048576K
}
Event: 29.873 GC heap before
{Heap before GC invocations=18 (full 0):
 garbage-first heap   total 40960K, used 31264K [0x00000000e0000000, 0x0000000100000000)
  region size 1024K, 13 young (13312K), 2 survivors (2048K)
 Metaspace       used 38549K, capacity 40025K, committed 40192K, reserved 1083392K
  class space    used 5262K, capacity 5825K, committed 5888K, reserved 1048576K
}
Event: 29.880 GC heap after
{Heap after GC invocations=19 (full 0):
 garbage-first heap   total 40960K, used 20664K [0x00000000e0000000, 0x0000000100000000)
  region size 1024K, 2 young (2048K), 2 survivors (2048K)
 Metaspace       used 38549K, capacity 40025K, committed 40192K, reserved 1083392K
  class space    used 5262K, capacity 5825K, committed 5888K, reserved 1048576K
}
Event: 30.443 GC heap before
{Heap before GC invocations=20 (full 0):
 garbage-first heap   total 40960K, used 30904K [0x00000000e0000000, 0x0000000100000000)
  region size 1024K, 12 young (12288K), 2 survivors (2048K)
 Metaspace       used 39000K, capacity 40448K, committed 40576K, reserved 1083392K
  class space    used 5319K, capacity 5900K, committed 6016K, reserved 1048576K
}
Event: 30.449 GC heap after
{Heap after GC invocations=21 (full 0):
 garbage-first heap   total 40960K, used 21613K [0x00000000e0000000, 0x0000000100000000)
  region size 1024K, 2 young (2048K), 2 survivors (2048K)
 Metaspace       used 39000K, capacity 40448K, committed 40576K, reserved 1083392K
  class space    used 5319K, capacity 5900K, committed 6016K, reserved 1048576K
}

