# JRE version: Java(TM) SE Runtime Environment (12.0.1+12) (build 12.0.1+12)
# Java VM: Java HotSpot(TM) 64-Bit Server VM (12.0.1+12, mixed mode, sharing, tiered, compressed oops, g1 gc, windows-amd64)
Heap:
 garbage-first heap   total 129024K, used 41077K [0x0000000082200000, 0x0000000100000000)
  region size 1024K, 37 young (37888K), 2 survivors (2048K)
 Metaspace       used 16101K, capacity 16667K, committed 16896K, reserved 1064960K
  class space    used 1951K, capacity 2184K, committed 2304K, reserved 1048576K
GC Heap History (6 events):
Event: 1.642 GC heap before
{Heap before GC invocations=0 (full 0):
 garbage-first heap   total 129024K, used 13312K [0x0000000082200000, 0x0000000100000000)
  region size 1024K, 14 young (14336K), 0 survivors (0K)
 Metaspace       used 3733K, capacity 6172K, committed 6272K, reserved 1056768K
  class space    used 389K, capacity 633K, committed 640K, reserved 1048576K
}
Event: 1.655 GC heap after
{Heap after GC invocations=1 (full 0):
 garbage-first heap   total 129024K, used 4671K [0x0000000082200000, 0x0000000100000000)
  region size 1024K, 2 young (2048K), 2 survivors (2048K)
 Metaspace       used 3733K, capacity 6172K, committed 6272K, reserved 1056768K
  class space    used 389K, capacity 633K, committed 640K, reserved 1048576K
}
Event: 1.967 GC heap before
{Heap before GC invocations=1 (full 0):
 garbage-first heap   total 129024K, used 9791K [0x0000000082200000, 0x0000000100000000)
  region size 1024K, 7 young (7168K), 2 survivors (2048K)
 Metaspace       used 4829K, capacity 6995K, committed 7168K, reserved 1056768K
  class space    used 538K, capacity 760K, committed 768K, reserved 1048576K
}
Event: 1.972 GC heap after
{Heap after GC invocations=2 (full 0):
 garbage-first heap   total 129024K, used 5008K [0x0000000082200000, 0x0000000100000000)
  region size 1024K, 1 young (1024K), 1 survivors (1024K)
 Metaspace       used 4829K, capacity 6995K, committed 7168K, reserved 1056768K
  class space    used 538K, capacity 760K, committed 768K, reserved 1048576K
}
Event: 2.923 GC heap before
{Heap before GC invocations=2 (full 0):
 garbage-first heap   total 129024K, used 28560K [0x0000000082200000, 0x0000000100000000)
  region size 1024K, 24 young (24576K), 1 survivors (1024K)
 Metaspace       used 10228K, capacity 11269K, committed 11520K, reserved 1058816K
  class space    used 1246K, capacity 1427K, committed 1536K, reserved 1048576K
}
Event: 2.929 GC heap after
{Heap after GC invocations=3 (full 0):
 garbage-first heap   total 129024K, used 6261K [0x0000000082200000, 0x0000000100000000)
  region size 1024K, 2 young (2048K), 2 survivors (2048K)
 Metaspace       used 10228K, capacity 11269K, committed 11520K, reserved 1058816K
  class space    used 1246K, capacity 1427K, committed 1536K, reserved 1048576K
}

