# JRE version: Java(TM) SE Runtime Environment (12.0.1+12) (build 12.0.1+12)
# Java VM: Java HotSpot(TM) 64-Bit Server VM (12.0.1+12, mixed mode, sharing, tiered, compressed oops, g1 gc, windows-amd64)
Heap:
 garbage-first heap   total 46080K, used 33851K [0x00000000e0000000, 0x0000000100000000)
  region size 1024K, 12 young (12288K), 2 survivors (2048K)
 Metaspace       used 44603K, capacity 46220K, committed 46336K, reserved 1089536K
  class space    used 6276K, capacity 6911K, committed 6912K, reserved 1048576K
GC Heap History (10 events):
Event: 20.014 GC heap before
{Heap before GC invocations=23 (full 0):
 garbage-first heap   total 46080K, used 24207K [0x00000000e0000000, 0x0000000100000000)
  region size 1024K, 3 young (3072K), 2 survivors (2048K)
 Metaspace       used 43770K, capacity 45374K, committed 45568K, reserved 1087488K
  class space    used 6189K, capacity 6787K, committed 6912K, reserved 1048576K
}
Event: 20.024 GC heap after
{Heap after GC invocations=24 (full 0):
 garbage-first heap   total 46080K, used 21725K [0x00000000e0000000, 0x0000000100000000)
  region size 1024K, 1 young (1024K), 1 survivors (1024K)
 Metaspace       used 43770K, capacity 45374K, committed 45568K, reserved 1087488K
  class space    used 6189K, capacity 6787K, committed 6912K, reserved 1048576K
}
Event: 20.092 GC heap before
{Heap before GC invocations=24 (full 0):
 garbage-first heap   total 46080K, used 22749K [0x00000000e0000000, 0x0000000100000000)
  region size 1024K, 2 young (2048K), 1 survivors (1024K)
 Metaspace       used 43838K, capacity 45409K, committed 45568K, reserved 1087488K
  class space    used 6203K, capacity 6819K, committed 6912K, reserved 1048576K
}
Event: 20.097 GC heap after
{Heap after GC invocations=25 (full 0):
 garbage-first heap   total 46080K, used 21617K [0x00000000e0000000, 0x0000000100000000)
  region size 1024K, 1 young (1024K), 1 survivors (1024K)
 Metaspace       used 43838K, capacity 45409K, committed 45568K, reserved 1087488K
  class space    used 6203K, capacity 6819K, committed 6912K, reserved 1048576K
}
Event: 20.468 GC heap before
{Heap before GC invocations=25 (full 0):
 garbage-first heap   total 46080K, used 34929K [0x00000000e0000000, 0x0000000100000000)
  region size 1024K, 14 young (14336K), 1 survivors (1024K)
 Metaspace       used 43967K, capacity 45568K, committed 45824K, reserved 1087488K
  class space    used 6206K, capacity 6824K, committed 6912K, reserved 1048576K
}
Event: 20.475 GC heap after
{Heap after GC invocations=26 (full 0):
 garbage-first heap   total 46080K, used 22512K [0x00000000e0000000, 0x0000000100000000)
  region size 1024K, 2 young (2048K), 2 survivors (2048K)
 Metaspace       used 43967K, capacity 45568K, committed 45824K, reserved 1087488K
  class space    used 6206K, capacity 6824K, committed 6912K, reserved 1048576K
}
Event: 21.416 GC heap before
{Heap before GC invocations=27 (full 0):
 garbage-first heap   total 46080K, used 34800K [0x00000000e0000000, 0x0000000100000000)
  region size 1024K, 15 young (15360K), 2 survivors (2048K)
 Metaspace       used 44482K, capacity 46127K, committed 46336K, reserved 1089536K
  class space    used 6274K, capacity 6908K, committed 6912K, reserved 1048576K
}
Event: 21.420 GC heap after
{Heap after GC invocations=28 (full 0):
 garbage-first heap   total 46080K, used 22964K [0x00000000e0000000, 0x0000000100000000)
  region size 1024K, 2 young (2048K), 2 survivors (2048K)
 Metaspace       used 44482K, capacity 46127K, committed 46336K, reserved 1089536K
  class space    used 6274K, capacity 6908K, committed 6912K, reserved 1048576K
}
Event: 28.107 GC heap before
{Heap before GC invocations=28 (full 0):
 garbage-first heap   total 46080K, used 36276K [0x00000000e0000000, 0x0000000100000000)
  region size 1024K, 15 young (15360K), 2 survivors (2048K)
 Metaspace       used 44577K, capacity 46212K, committed 46336K, reserved 1089536K
  class space    used 6276K, capacity 6911K, committed 6912K, reserved 1048576K
}
Event: 28.112 GC heap after
{Heap after GC invocations=29 (full 0):
 garbage-first heap   total 46080K, used 24635K [0x00000000e0000000, 0x0000000100000000)
  region size 1024K, 2 young (2048K), 2 survivors (2048K)
 Metaspace       used 44577K, capacity 46212K, committed 46336K, reserved 1089536K
  class space    used 6276K, capacity 6911K, committed 6912K, reserved 1048576K
}

