# JRE version: Java(TM) SE Runtime Environment (12.0.1+12) (build 12.0.1+12)
# Java VM: Java HotSpot(TM) 64-Bit Server VM (12.0.1+12, mixed mode, sharing, tiered, compressed oops, g1 gc, windows-amd64)
Heap:
 garbage-first heap   total 262144K, used 18978K [0x00000000e0000000, 0x0000000100000000)
  region size 1024K, 8 young (8192K), 6 survivors (6144K)
 Metaspace       used 17293K, capacity 17980K, committed 18176K, reserved 270336K
  class space    used 2497K, capacity 2714K, committed 2816K, reserved 253952K
GC Heap History (10 events):
Event: 1.109 GC heap before
{Heap before GC invocations=0 (full 0):
 garbage-first heap   total 262144K, used 19456K [0x00000000e0000000, 0x0000000100000000)
  region size 1024K, 14 young (14336K), 0 survivors (0K)
 Metaspace       used 1697K, capacity 5255K, committed 5504K, reserved 262144K
  class space    used 178K, capacity 516K, committed 640K, reserved 253952K
}
Event: 1.116 GC heap after
{Heap after GC invocations=1 (full 0):
 garbage-first heap   total 262144K, used 8232K [0x00000000e0000000, 0x0000000100000000)
  region size 1024K, 2 young (2048K), 2 survivors (2048K)
 Metaspace       used 1697K, capacity 5255K, committed 5504K, reserved 262144K
  class space    used 178K, capacity 516K, committed 640K, reserved 253952K
}
Event: 2.028 GC heap before
{Heap before GC invocations=1 (full 0):
 garbage-first heap   total 262144K, used 18472K [0x00000000e0000000, 0x0000000100000000)
  region size 1024K, 12 young (12288K), 2 survivors (2048K)
 Metaspace       used 3525K, capacity 6512K, committed 6656K, reserved 262144K
  class space    used 457K, capacity 765K, committed 768K, reserved 253952K
}
Event: 2.034 GC heap after
{Heap after GC invocations=2 (full 0):
 garbage-first heap   total 262144K, used 8957K [0x00000000e0000000, 0x0000000100000000)
  region size 1024K, 1 young (1024K), 1 survivors (1024K)
 Metaspace       used 3525K, capacity 6512K, committed 6656K, reserved 262144K
  class space    used 457K, capacity 765K, committed 768K, reserved 253952K
}
Event: 2.895 GC heap before
{Heap before GC invocations=2 (full 0):
 garbage-first heap   total 262144K, used 36605K [0x00000000e0000000, 0x0000000100000000)
  region size 1024K, 28 young (28672K), 1 survivors (1024K)
 Metaspace       used 4006K, capacity 6729K, committed 7040K, reserved 262144K
  class space    used 499K, capacity 773K, committed 896K, reserved 253952K
}
Event: 2.900 GC heap after
{Heap after GC invocations=3 (full 0):
 garbage-first heap   total 262144K, used 12491K [0x00000000e0000000, 0x0000000100000000)
  region size 1024K, 4 young (4096K), 4 survivors (4096K)
 Metaspace       used 4006K, capacity 6729K, committed 7040K, reserved 262144K
  class space    used 499K, capacity 773K, committed 896K, reserved 253952K
}
Event: 7.935 GC heap before
{Heap before GC invocations=3 (full 0):
 garbage-first heap   total 262144K, used 52427K [0x00000000e0000000, 0x0000000100000000)
  region size 1024K, 43 young (44032K), 4 survivors (4096K)
 Metaspace       used 10430K, capacity 10866K, committed 11136K, reserved 264192K
  class space    used 1459K, capacity 1613K, committed 1664K, reserved 253952K
}
Event: 7.946 GC heap after
{Heap after GC invocations=4 (full 0):
 garbage-first heap   total 262144K, used 15952K [0x00000000e0000000, 0x0000000100000000)
  region size 1024K, 4 young (4096K), 4 survivors (4096K)
 Metaspace       used 10430K, capacity 10866K, committed 11136K, reserved 264192K
  class space    used 1459K, capacity 1613K, committed 1664K, reserved 253952K
}
Event: 10.065 GC heap before
{Heap before GC invocations=4 (full 0):
 garbage-first heap   total 262144K, used 70224K [0x00000000e0000000, 0x0000000100000000)
  region size 1024K, 57 young (58368K), 4 survivors (4096K)
 Metaspace       used 17177K, capacity 17820K, committed 18048K, reserved 270336K
  class space    used 2477K, capacity 2682K, committed 2688K, reserved 253952K
}
Event: 10.076 GC heap after
{Heap after GC invocations=5 (full 0):
 garbage-first heap   total 262144K, used 17954K [0x00000000e0000000, 0x0000000100000000)
  region size 1024K, 6 young (6144K), 6 survivors (6144K)
 Metaspace       used 17177K, capacity 17820K, committed 18048K, reserved 270336K
  class space    used 2477K, capacity 2682K, committed 2688K, reserved 253952K
}

