# JRE version: Java(TM) SE Runtime Environment (12.0.1+12) (build 12.0.1+12)
# Java VM: Java HotSpot(TM) 64-Bit Server VM (12.0.1+12, mixed mode, sharing, tiered, compressed oops, g1 gc, windows-amd64)
Heap:
 garbage-first heap   total 40960K, used 25849K [0x00000000e0000000, 0x0000000100000000)
  region size 1024K, 7 young (7168K), 2 survivors (2048K)
 Metaspace       used 39931K, capacity 41497K, committed 41728K, reserved 1085440K
  class space    used 5469K, capacity 6056K, committed 6144K, reserved 1048576K
GC Heap History (10 events):
Event: 23.619 GC heap before
{Heap before GC invocations=15 (full 0):
 garbage-first heap   total 40960K, used 30958K [0x00000000e0000000, 0x0000000100000000)
  region size 1024K, 15 young (15360K), 2 survivors (2048K)
 Metaspace       used 35496K, capacity 36860K, committed 36992K, reserved 1081344K
  class space    used 4854K, capacity 5384K, committed 5504K, reserved 1048576K
}
Event: 23.626 GC heap after
{Heap after GC invocations=16 (full 0):
 garbage-first heap   total 40960K, used 18762K [0x00000000e0000000, 0x0000000100000000)
  region size 1024K, 2 young (2048K), 2 survivors (2048K)
 Metaspace       used 35496K, capacity 36860K, committed 36992K, reserved 1081344K
  class space    used 4854K, capacity 5384K, committed 5504K, reserved 1048576K
}
Event: 24.728 GC heap before
{Heap before GC invocations=16 (full 0):
 garbage-first heap   total 40960K, used 31050K [0x00000000e0000000, 0x0000000100000000)
  region size 1024K, 14 young (14336K), 2 survivors (2048K)
 Metaspace       used 36705K, capacity 38139K, committed 38400K, reserved 1081344K
  class space    used 5008K, capacity 5557K, committed 5632K, reserved 1048576K
}
Event: 24.734 GC heap after
{Heap after GC invocations=17 (full 0):
 garbage-first heap   total 40960K, used 19727K [0x00000000e0000000, 0x0000000100000000)
  region size 1024K, 2 young (2048K), 2 survivors (2048K)
 Metaspace       used 36705K, capacity 38139K, committed 38400K, reserved 1081344K
  class space    used 5008K, capacity 5557K, committed 5632K, reserved 1048576K
}
Event: 25.308 GC heap before
{Heap before GC invocations=17 (full 0):
 garbage-first heap   total 40960K, used 32015K [0x00000000e0000000, 0x0000000100000000)
  region size 1024K, 14 young (14336K), 2 survivors (2048K)
 Metaspace       used 37449K, capacity 38908K, committed 39040K, reserved 1083392K
  class space    used 5096K, capacity 5665K, committed 5760K, reserved 1048576K
}
Event: 25.314 GC heap after
{Heap after GC invocations=18 (full 0):
 garbage-first heap   total 40960K, used 20609K [0x00000000e0000000, 0x0000000100000000)
  region size 1024K, 2 young (2048K), 2 survivors (2048K)
 Metaspace       used 37449K, capacity 38908K, committed 39040K, reserved 1083392K
  class space    used 5096K, capacity 5665K, committed 5760K, reserved 1048576K
}
Event: 25.756 GC heap before
{Heap before GC invocations=18 (full 0):
 garbage-first heap   total 40960K, used 31873K [0x00000000e0000000, 0x0000000100000000)
  region size 1024K, 13 young (13312K), 2 survivors (2048K)
 Metaspace       used 38207K, capacity 39738K, committed 39936K, reserved 1083392K
  class space    used 5196K, capacity 5770K, committed 5888K, reserved 1048576K
}
Event: 25.766 GC heap after
{Heap after GC invocations=19 (full 0):
 garbage-first heap   total 40960K, used 21166K [0x00000000e0000000, 0x0000000100000000)
  region size 1024K, 2 young (2048K), 2 survivors (2048K)
 Metaspace       used 38207K, capacity 39738K, committed 39936K, reserved 1083392K
  class space    used 5196K, capacity 5770K, committed 5888K, reserved 1048576K
}
Event: 26.250 GC heap before
{Heap before GC invocations=20 (full 0):
 garbage-first heap   total 40960K, used 31406K [0x00000000e0000000, 0x0000000100000000)
  region size 1024K, 13 young (13312K), 2 survivors (2048K)
 Metaspace       used 39316K, capacity 40824K, committed 41088K, reserved 1085440K
  class space    used 5375K, capacity 5960K, committed 6016K, reserved 1048576K
}
Event: 26.256 GC heap after
{Heap after GC invocations=21 (full 0):
 garbage-first heap   total 40960K, used 21753K [0x00000000e0000000, 0x0000000100000000)
  region size 1024K, 2 young (2048K), 2 survivors (2048K)
 Metaspace       used 39316K, capacity 40824K, committed 41088K, reserved 1085440K
  class space    used 5375K, capacity 5960K, committed 6016K, reserved 1048576K
}

