# JRE version: Java(TM) SE Runtime Environment (12.0.1+12) (build 12.0.1+12)
# Java VM: Java HotSpot(TM) 64-Bit Server VM (12.0.1+12, mixed mode, sharing, tiered, compressed oops, g1 gc, windows-amd64)
Heap:
 garbage-first heap   total 40960K, used 20617K [0x00000000e0000000, 0x0000000100000000)
  region size 1024K, 8 young (8192K), 2 survivors (2048K)
 Metaspace       used 32981K, capacity 34202K, committed 34432K, reserved 1079296K
  class space    used 4467K, capacity 4920K, committed 4992K, reserved 1048576K
GC Heap History (10 events):
Event: 7.338 GC heap before
{Heap before GC invocations=7 (full 0):
 garbage-first heap   total 40960K, used 26082K [0x00000000e0000000, 0x0000000100000000)
  region size 1024K, 17 young (17408K), 3 survivors (3072K)
 Metaspace       used 23458K, capacity 24389K, committed 24448K, reserved 1071104K
  class space    used 3062K, capacity 3441K, committed 3456K, reserved 1048576K
}
Event: 7.343 GC heap after
{Heap after GC invocations=8 (full 0):
 garbage-first heap   total 40960K, used 12157K [0x00000000e0000000, 0x0000000100000000)
  region size 1024K, 2 young (2048K), 2 survivors (2048K)
 Metaspace       used 23458K, capacity 24389K, committed 24448K, reserved 1071104K
  class space    used 3062K, capacity 3441K, committed 3456K, reserved 1048576K
}
Event: 7.908 GC heap before
{Heap before GC invocations=8 (full 0):
 garbage-first heap   total 40960K, used 28541K [0x00000000e0000000, 0x0000000100000000)
  region size 1024K, 18 young (18432K), 2 survivors (2048K)
 Metaspace       used 25917K, capacity 26976K, committed 27264K, reserved 1073152K
  class space    used 3493K, capacity 3903K, committed 3968K, reserved 1048576K
}
Event: 7.914 GC heap after
{Heap after GC invocations=9 (full 0):
 garbage-first heap   total 40960K, used 12717K [0x00000000e0000000, 0x0000000100000000)
  region size 1024K, 3 young (3072K), 3 survivors (3072K)
 Metaspace       used 25917K, capacity 26976K, committed 27264K, reserved 1073152K
  class space    used 3493K, capacity 3903K, committed 3968K, reserved 1048576K
}
Event: 8.554 GC heap before
{Heap before GC invocations=9 (full 0):
 garbage-first heap   total 40960K, used 29101K [0x00000000e0000000, 0x0000000100000000)
  region size 1024K, 19 young (19456K), 3 survivors (3072K)
 Metaspace       used 27300K, capacity 28364K, committed 28544K, reserved 1073152K
  class space    used 3685K, capacity 4105K, committed 4224K, reserved 1048576K
}
Event: 8.562 GC heap after
{Heap after GC invocations=10 (full 0):
 garbage-first heap   total 40960K, used 13718K [0x00000000e0000000, 0x0000000100000000)
  region size 1024K, 3 young (3072K), 3 survivors (3072K)
 Metaspace       used 27300K, capacity 28364K, committed 28544K, reserved 1073152K
  class space    used 3685K, capacity 4105K, committed 4224K, reserved 1048576K
}
Event: 13.985 GC heap before
{Heap before GC invocations=10 (full 0):
 garbage-first heap   total 40960K, used 29078K [0x00000000e0000000, 0x0000000100000000)
  region size 1024K, 18 young (18432K), 3 survivors (3072K)
 Metaspace       used 29512K, capacity 30644K, committed 30848K, reserved 1075200K
  class space    used 3998K, capacity 4436K, committed 4480K, reserved 1048576K
}
Event: 13.992 GC heap after
{Heap after GC invocations=11 (full 0):
 garbage-first heap   total 40960K, used 14416K [0x00000000e0000000, 0x0000000100000000)
  region size 1024K, 2 young (2048K), 2 survivors (2048K)
 Metaspace       used 29512K, capacity 30644K, committed 30848K, reserved 1075200K
  class space    used 3998K, capacity 4436K, committed 4480K, reserved 1048576K
}
Event: 14.497 GC heap before
{Heap before GC invocations=11 (full 0):
 garbage-first heap   total 40960K, used 30800K [0x00000000e0000000, 0x0000000100000000)
  region size 1024K, 18 young (18432K), 2 survivors (2048K)
 Metaspace       used 32454K, capacity 33634K, committed 33792K, reserved 1079296K
  class space    used 4389K, capacity 4814K, committed 4864K, reserved 1048576K
}
Event: 14.503 GC heap after
{Heap after GC invocations=12 (full 0):
 garbage-first heap   total 40960K, used 15497K [0x00000000e0000000, 0x0000000100000000)
  region size 1024K, 2 young (2048K), 2 survivors (2048K)
 Metaspace       used 32454K, capacity 33634K, committed 33792K, reserved 1079296K
  class space    used 4389K, capacity 4814K, committed 4864K, reserved 1048576K
}

