# JRE version: Java(TM) SE Runtime Environment (12.0.1+12) (build 12.0.1+12)
# Java VM: Java HotSpot(TM) 64-Bit Server VM (12.0.1+12, mixed mode, sharing, tiered, compressed oops, g1 gc, windows-amd64)
Heap:
 garbage-first heap   total 45056K, used 21351K [0x00000000e0000000, 0x0000000100000000)
  region size 1024K, 5 young (5120K), 3 survivors (3072K)
 Metaspace       used 37772K, capacity 39199K, committed 39296K, reserved 1083392K
  class space    used 5166K, capacity 5719K, committed 5760K, reserved 1048576K
GC Heap History (10 events):
Event: 28.929 GC heap before
{Heap before GC invocations=9 (full 0):
 garbage-first heap   total 45056K, used 31638K [0x00000000e0000000, 0x0000000100000000)
  region size 1024K, 20 young (20480K), 2 survivors (2048K)
 Metaspace       used 28505K, capacity 29667K, committed 29952K, reserved 1075200K
  class space    used 3852K, capacity 4281K, committed 4352K, reserved 1048576K
}
Event: 28.937 GC heap after
{Heap after GC invocations=10 (full 0):
 garbage-first heap   total 45056K, used 14332K [0x00000000e0000000, 0x0000000100000000)
  region size 1024K, 2 young (2048K), 2 survivors (2048K)
 Metaspace       used 28505K, capacity 29667K, committed 29952K, reserved 1075200K
  class space    used 3852K, capacity 4281K, committed 4352K, reserved 1048576K
}
Event: 29.904 GC heap before
{Heap before GC invocations=10 (full 0):
 garbage-first heap   total 45056K, used 31740K [0x00000000e0000000, 0x0000000100000000)
  region size 1024K, 19 young (19456K), 2 survivors (2048K)
 Metaspace       used 31500K, capacity 32620K, committed 32896K, reserved 1077248K
  class space    used 4232K, capacity 4667K, committed 4736K, reserved 1048576K
}
Event: 29.921 GC heap after
{Heap after GC invocations=11 (full 0):
 garbage-first heap   total 45056K, used 15232K [0x00000000e0000000, 0x0000000100000000)
  region size 1024K, 2 young (2048K), 2 survivors (2048K)
 Metaspace       used 31500K, capacity 32620K, committed 32896K, reserved 1077248K
  class space    used 4232K, capacity 4667K, committed 4736K, reserved 1048576K
}
Event: 30.797 GC heap before
{Heap before GC invocations=11 (full 0):
 garbage-first heap   total 45056K, used 32640K [0x00000000e0000000, 0x0000000100000000)
  region size 1024K, 19 young (19456K), 2 survivors (2048K)
 Metaspace       used 33813K, capacity 35109K, committed 35328K, reserved 1079296K
  class space    used 4612K, capacity 5097K, committed 5120K, reserved 1048576K
}
Event: 30.804 GC heap after
{Heap after GC invocations=12 (full 0):
 garbage-first heap   total 45056K, used 16669K [0x00000000e0000000, 0x0000000100000000)
  region size 1024K, 3 young (3072K), 3 survivors (3072K)
 Metaspace       used 33813K, capacity 35109K, committed 35328K, reserved 1079296K
  class space    used 4612K, capacity 5097K, committed 5120K, reserved 1048576K
}
Event: 31.218 GC heap before
{Heap before GC invocations=12 (full 0):
 garbage-first heap   total 45056K, used 24861K [0x00000000e0000000, 0x0000000100000000)
  region size 1024K, 12 young (12288K), 3 survivors (3072K)
 Metaspace       used 34514K, capacity 35758K, committed 35840K, reserved 1079296K
  class space    used 4720K, capacity 5208K, committed 5248K, reserved 1048576K
}
Event: 31.224 GC heap after
{Heap after GC invocations=13 (full 0):
 garbage-first heap   total 45056K, used 17710K [0x00000000e0000000, 0x0000000100000000)
  region size 1024K, 3 young (3072K), 3 survivors (3072K)
 Metaspace       used 34514K, capacity 35758K, committed 35840K, reserved 1079296K
  class space    used 4720K, capacity 5208K, committed 5248K, reserved 1048576K
}
Event: 31.892 GC heap before
{Heap before GC invocations=14 (full 0):
 garbage-first heap   total 45056K, used 33070K [0x00000000e0000000, 0x0000000100000000)
  region size 1024K, 18 young (18432K), 3 survivors (3072K)
 Metaspace       used 35887K, capacity 37263K, committed 37504K, reserved 1081344K
  class space    used 4920K, capacity 5456K, committed 5504K, reserved 1048576K
}
Event: 31.903 GC heap after
{Heap after GC invocations=15 (full 0):
 garbage-first heap   total 45056K, used 18605K [0x00000000e0000000, 0x0000000100000000)
  region size 1024K, 2 young (2048K), 2 survivors (2048K)
 Metaspace       used 35887K, capacity 37263K, committed 37504K, reserved 1081344K
  class space    used 4920K, capacity 5456K, committed 5504K, reserved 1048576K
}

