# JRE version: Java(TM) SE Runtime Environment (12.0.1+12) (build 12.0.1+12)
# Java VM: Java HotSpot(TM) 64-Bit Server VM (12.0.1+12, mixed mode, sharing, tiered, compressed oops, g1 gc, windows-amd64)
Heap:
 garbage-first heap   total 262144K, used 134219K [0x00000000e0000000, 0x0000000100000000)
  region size 1024K, 58 young (59392K), 14 survivors (14336K)
 Metaspace       used 66669K, capacity 68880K, committed 69036K, reserved 315392K
  class space    used 8480K, capacity 9270K, committed 9388K, reserved 253952K
GC Heap History (10 events):
Event: 141.927 GC heap before
{Heap before GC invocations=16 (full 0):
 garbage-first heap   total 262144K, used 190976K [0x00000000e0000000, 0x0000000100000000)
  region size 1024K, 127 young (130048K), 16 survivors (16384K)
 Metaspace       used 62916K, capacity 65028K, committed 65324K, reserved 311296K
  class space    used 8172K, capacity 8922K, committed 9004K, reserved 253952K
}
Event: 141.955 GC heap after
{Heap after GC invocations=17 (full 0):
 garbage-first heap   total 262144K, used 76800K [0x00000000e0000000, 0x0000000100000000)
  region size 1024K, 6 young (6144K), 6 survivors (6144K)
 Metaspace       used 62916K, capacity 65028K, committed 65324K, reserved 311296K
  class space    used 8172K, capacity 8922K, committed 9004K, reserved 253952K
}
Event: 3277.473 GC heap before
{Heap before GC invocations=17 (full 0):
 garbage-first heap   total 262144K, used 195584K [0x00000000e0000000, 0x0000000100000000)
  region size 1024K, 123 young (125952K), 6 survivors (6144K)
 Metaspace       used 63587K, capacity 65782K, committed 65836K, reserved 311296K
  class space    used 8229K, capacity 8990K, committed 9004K, reserved 253952K
}
Event: 3277.516 GC heap after
{Heap after GC invocations=18 (full 0):
 garbage-first heap   total 262144K, used 72425K [0x00000000e0000000, 0x0000000100000000)
  region size 1024K, 2 young (2048K), 2 survivors (2048K)
 Metaspace       used 63587K, capacity 65782K, committed 65836K, reserved 311296K
  class space    used 8229K, capacity 8990K, committed 9004K, reserved 253952K
}
Event: 4705.770 GC heap before
{Heap before GC invocations=18 (full 0):
 garbage-first heap   total 262144K, used 200425K [0x00000000e0000000, 0x0000000100000000)
  region size 1024K, 128 young (131072K), 2 survivors (2048K)
 Metaspace       used 63996K, capacity 66165K, committed 66476K, reserved 311296K
  class space    used 8245K, capacity 9018K, committed 9132K, reserved 253952K
}
Event: 4705.791 GC heap after
{Heap after GC invocations=19 (full 0):
 garbage-first heap   total 262144K, used 77053K [0x00000000e0000000, 0x0000000100000000)
  region size 1024K, 7 young (7168K), 7 survivors (7168K)
 Metaspace       used 63996K, capacity 66165K, committed 66476K, reserved 311296K
  class space    used 8245K, capacity 9018K, committed 9132K, reserved 253952K
}
Event: 4709.485 GC heap before
{Heap before GC invocations=19 (full 0):
 garbage-first heap   total 262144K, used 204029K [0x00000000e0000000, 0x0000000100000000)
  region size 1024K, 132 young (135168K), 7 survivors (7168K)
 Metaspace       used 66033K, capacity 68252K, committed 68396K, reserved 313344K
  class space    used 8446K, capacity 9234K, committed 9260K, reserved 253952K
}
Event: 4709.525 GC heap after
{Heap after GC invocations=20 (full 0):
 garbage-first heap   total 262144K, used 83201K [0x00000000e0000000, 0x0000000100000000)
  region size 1024K, 13 young (13312K), 13 survivors (13312K)
 Metaspace       used 66033K, capacity 68252K, committed 68396K, reserved 313344K
  class space    used 8446K, capacity 9234K, committed 9260K, reserved 253952K
}
Event: 4713.165 GC heap before
{Heap before GC invocations=20 (full 0):
 garbage-first heap   total 262144K, used 206081K [0x00000000e0000000, 0x0000000100000000)
  region size 1024K, 134 young (137216K), 13 survivors (13312K)
 Metaspace       used 66362K, capacity 68576K, committed 68652K, reserved 313344K
  class space    used 8461K, capacity 9235K, committed 9260K, reserved 253952K
}
Event: 4713.198 GC heap after
{Heap after GC invocations=21 (full 0):
 garbage-first heap   total 262144K, used 90187K [0x00000000e0000000, 0x0000000100000000)
  region size 1024K, 14 young (14336K), 14 survivors (14336K)
 Metaspace       used 66362K, capacity 68576K, committed 68652K, reserved 313344K
  class space    used 8461K, capacity 9235K, committed 9260K, reserved 253952K
}

