# JRE version: Java(TM) SE Runtime Environment (12.0.1+12) (build 12.0.1+12)
# Java VM: Java HotSpot(TM) 64-Bit Server VM (12.0.1+12, mixed mode, sharing, tiered, compressed oops, g1 gc, windows-amd64)
Heap:
 garbage-first heap   total 129024K, used 23132K [0x00000000e0000000, 0x0000000100000000)
  region size 1024K, 18 young (18432K), 4 survivors (4096K)
 Metaspace       used 18495K, capacity 19328K, committed 19456K, reserved 1067008K
  class space    used 2431K, capacity 2735K, committed 2816K, reserved 1048576K
GC Heap History (8 events):
Event: 0.885 GC heap before
{Heap before GC invocations=0 (full 0):
 garbage-first heap   total 129024K, used 13312K [0x00000000e0000000, 0x0000000100000000)
  region size 1024K, 14 young (14336K), 0 survivors (0K)
 Metaspace       used 3605K, capacity 5815K, committed 6144K, reserved 1056768K
  class space    used 454K, capacity 676K, committed 768K, reserved 1048576K
}
Event: 0.894 GC heap after
{Heap after GC invocations=1 (full 0):
 garbage-first heap   total 129024K, used 6679K [0x00000000e0000000, 0x0000000100000000)
  region size 1024K, 2 young (2048K), 2 survivors (2048K)
 Metaspace       used 3605K, capacity 5815K, committed 6144K, reserved 1056768K
  class space    used 454K, capacity 676K, committed 768K, reserved 1048576K
}
Event: 2.253 GC heap before
{Heap before GC invocations=1 (full 0):
 garbage-first heap   total 129024K, used 11799K [0x00000000e0000000, 0x0000000100000000)
  region size 1024K, 7 young (7168K), 2 survivors (2048K)
 Metaspace       used 5057K, capacity 6627K, committed 6784K, reserved 1056768K
  class space    used 640K, capacity 800K, committed 896K, reserved 1048576K
}
Event: 2.258 GC heap after
{Heap after GC invocations=2 (full 0):
 garbage-first heap   total 129024K, used 6997K [0x00000000e0000000, 0x0000000100000000)
  region size 1024K, 1 young (1024K), 1 survivors (1024K)
 Metaspace       used 5057K, capacity 6627K, committed 6784K, reserved 1056768K
  class space    used 640K, capacity 800K, committed 896K, reserved 1048576K
}
Event: 3.205 GC heap before
{Heap before GC invocations=2 (full 0):
 garbage-first heap   total 129024K, used 29525K [0x00000000e0000000, 0x0000000100000000)
  region size 1024K, 23 young (23552K), 1 survivors (1024K)
 Metaspace       used 9302K, capacity 10136K, committed 10496K, reserved 1058816K
  class space    used 1216K, capacity 1415K, committed 1536K, reserved 1048576K
}
Event: 3.209 GC heap after
{Heap after GC invocations=3 (full 0):
 garbage-first heap   total 129024K, used 8059K [0x00000000e0000000, 0x0000000100000000)
  region size 1024K, 2 young (2048K), 2 survivors (2048K)
 Metaspace       used 9302K, capacity 10136K, committed 10496K, reserved 1058816K
  class space    used 1216K, capacity 1415K, committed 1536K, reserved 1048576K
}
Event: 4.669 GC heap before
{Heap before GC invocations=3 (full 0):
 garbage-first heap   total 129024K, used 49019K [0x00000000e0000000, 0x0000000100000000)
  region size 1024K, 43 young (44032K), 2 survivors (2048K)
 Metaspace       used 16061K, capacity 16900K, committed 17152K, reserved 1064960K
  class space    used 2177K, capacity 2480K, committed 2560K, reserved 1048576K
}
Event: 4.677 GC heap after
{Heap after GC invocations=4 (full 0):
 garbage-first heap   total 129024K, used 9820K [0x00000000e0000000, 0x0000000100000000)
  region size 1024K, 4 young (4096K), 4 survivors (4096K)
 Metaspace       used 16061K, capacity 16900K, committed 17152K, reserved 1064960K
  class space    used 2177K, capacity 2480K, committed 2560K, reserved 1048576K
}

