# JRE version: Java(TM) SE Runtime Environment (12.0.1+12) (build 12.0.1+12)
# Java VM: Java HotSpot(TM) 64-Bit Server VM (12.0.1+12, mixed mode, sharing, tiered, compressed oops, g1 gc, windows-amd64)
Heap:
 garbage-first heap   total 40960K, used 27995K [0x00000000e0000000, 0x0000000100000000)
  region size 1024K, 10 young (10240K), 1 survivors (1024K)
 Metaspace       used 37072K, capacity 38530K, committed 38656K, reserved 1083392K
  class space    used 5055K, capacity 5625K, committed 5632K, reserved 1048576K
GC Heap History (10 events):
Event: 27.934 GC heap before
{Heap before GC invocations=11 (full 0):
 garbage-first heap   total 40960K, used 30266K [0x00000000e0000000, 0x0000000100000000)
  region size 1024K, 18 young (18432K), 3 survivors (3072K)
 Metaspace       used 32422K, capacity 33536K, committed 33792K, reserved 1079296K
  class space    used 4377K, capacity 4802K, committed 4864K, reserved 1048576K
}
Event: 27.940 GC heap after
{Heap after GC invocations=12 (full 0):
 garbage-first heap   total 40960K, used 15914K [0x00000000e0000000, 0x0000000100000000)
  region size 1024K, 2 young (2048K), 2 survivors (2048K)
 Metaspace       used 32422K, capacity 33536K, committed 33792K, reserved 1079296K
  class space    used 4377K, capacity 4802K, committed 4864K, reserved 1048576K
}
Event: 28.478 GC heap before
{Heap before GC invocations=12 (full 0):
 garbage-first heap   total 40960K, used 31274K [0x00000000e0000000, 0x0000000100000000)
  region size 1024K, 17 young (17408K), 2 survivors (2048K)
 Metaspace       used 33987K, capacity 35252K, committed 35456K, reserved 1079296K
  class space    used 4626K, capacity 5123K, committed 5248K, reserved 1048576K
}
Event: 28.485 GC heap after
{Heap after GC invocations=13 (full 0):
 garbage-first heap   total 40960K, used 17290K [0x00000000e0000000, 0x0000000100000000)
  region size 1024K, 3 young (3072K), 3 survivors (3072K)
 Metaspace       used 33987K, capacity 35252K, committed 35456K, reserved 1079296K
  class space    used 4626K, capacity 5123K, committed 5248K, reserved 1048576K
}
Event: 28.703 GC heap before
{Heap before GC invocations=13 (full 0):
 garbage-first heap   total 40960K, used 21386K [0x00000000e0000000, 0x0000000100000000)
  region size 1024K, 8 young (8192K), 3 survivors (3072K)
 Metaspace       used 34445K, capacity 35739K, committed 35840K, reserved 1079296K
  class space    used 4706K, capacity 5202K, committed 5248K, reserved 1048576K
}
Event: 28.709 GC heap after
{Heap after GC invocations=14 (full 0):
 garbage-first heap   total 40960K, used 17805K [0x00000000e0000000, 0x0000000100000000)
  region size 1024K, 2 young (2048K), 2 survivors (2048K)
 Metaspace       used 34445K, capacity 35739K, committed 35840K, reserved 1079296K
  class space    used 4706K, capacity 5202K, committed 5248K, reserved 1048576K
}
Event: 29.358 GC heap before
{Heap before GC invocations=15 (full 0):
 garbage-first heap   total 40960K, used 32141K [0x00000000e0000000, 0x0000000100000000)
  region size 1024K, 16 young (16384K), 2 survivors (2048K)
 Metaspace       used 35515K, capacity 36894K, committed 36992K, reserved 1081344K
  class space    used 4860K, capacity 5417K, committed 5504K, reserved 1048576K
}
Event: 29.368 GC heap after
{Heap after GC invocations=16 (full 0):
 garbage-first heap   total 40960K, used 18777K [0x00000000e0000000, 0x0000000100000000)
  region size 1024K, 2 young (2048K), 2 survivors (2048K)
 Metaspace       used 35515K, capacity 36894K, committed 36992K, reserved 1081344K
  class space    used 4860K, capacity 5417K, committed 5504K, reserved 1048576K
}
Event: 29.914 GC heap before
{Heap before GC invocations=16 (full 0):
 garbage-first heap   total 40960K, used 31065K [0x00000000e0000000, 0x0000000100000000)
  region size 1024K, 14 young (14336K), 2 survivors (2048K)
 Metaspace       used 36646K, capacity 38074K, committed 38400K, reserved 1081344K
  class space    used 5004K, capacity 5558K, committed 5632K, reserved 1048576K
}
Event: 29.921 GC heap after
{Heap after GC invocations=17 (full 0):
 garbage-first heap   total 40960K, used 19803K [0x00000000e0000000, 0x0000000100000000)
  region size 1024K, 1 young (1024K), 1 survivors (1024K)
 Metaspace       used 36646K, capacity 38074K, committed 38400K, reserved 1081344K
  class space    used 5004K, capacity 5558K, committed 5632K, reserved 1048576K
}

