# JRE version: Java(TM) SE Runtime Environment (12.0.1+12) (build 12.0.1+12)
# Java VM: Java HotSpot(TM) 64-Bit Server VM (12.0.1+12, mixed mode, sharing, tiered, compressed oops, g1 gc, windows-amd64)
Heap:
 garbage-first heap   total 40960K, used 22960K [0x00000000e0000000, 0x0000000100000000)
  region size 1024K, 9 young (9216K), 2 survivors (2048K)
 Metaspace       used 32915K, capacity 34086K, committed 34304K, reserved 1079296K
  class space    used 4372K, capacity 4810K, committed 4864K, reserved 1048576K
GC Heap History (10 events):
Event: 11.756 GC heap before
{Heap before GC invocations=8 (full 0):
 garbage-first heap   total 40960K, used 28856K [0x00000000e0000000, 0x0000000100000000)
  region size 1024K, 18 young (18432K), 2 survivors (2048K)
 Metaspace       used 25869K, capacity 26971K, committed 27264K, reserved 1073152K
  class space    used 3478K, capacity 3903K, committed 3968K, reserved 1048576K
}
Event: 11.763 GC heap after
{Heap after GC invocations=9 (full 0):
 garbage-first heap   total 40960K, used 12820K [0x00000000e0000000, 0x0000000100000000)
  region size 1024K, 3 young (3072K), 3 survivors (3072K)
 Metaspace       used 25869K, capacity 26971K, committed 27264K, reserved 1073152K
  class space    used 3478K, capacity 3903K, committed 3968K, reserved 1048576K
}
Event: 12.450 GC heap before
{Heap before GC invocations=9 (full 0):
 garbage-first heap   total 40960K, used 29204K [0x00000000e0000000, 0x0000000100000000)
  region size 1024K, 19 young (19456K), 3 survivors (3072K)
 Metaspace       used 27266K, capacity 28311K, committed 28416K, reserved 1073152K
  class space    used 3659K, capacity 4067K, committed 4096K, reserved 1048576K
}
Event: 12.460 GC heap after
{Heap after GC invocations=10 (full 0):
 garbage-first heap   total 40960K, used 14030K [0x00000000e0000000, 0x0000000100000000)
  region size 1024K, 3 young (3072K), 3 survivors (3072K)
 Metaspace       used 27266K, capacity 28311K, committed 28416K, reserved 1073152K
  class space    used 3659K, capacity 4067K, committed 4096K, reserved 1048576K
}
Event: 17.982 GC heap before
{Heap before GC invocations=10 (full 0):
 garbage-first heap   total 40960K, used 29390K [0x00000000e0000000, 0x0000000100000000)
  region size 1024K, 18 young (18432K), 3 survivors (3072K)
 Metaspace       used 28332K, capacity 29470K, committed 29568K, reserved 1075200K
  class space    used 3791K, capacity 4219K, committed 4224K, reserved 1048576K
}
Event: 17.990 GC heap after
{Heap after GC invocations=11 (full 0):
 garbage-first heap   total 40960K, used 14528K [0x00000000e0000000, 0x0000000100000000)
  region size 1024K, 2 young (2048K), 2 survivors (2048K)
 Metaspace       used 28332K, capacity 29470K, committed 29568K, reserved 1075200K
  class space    used 3791K, capacity 4219K, committed 4224K, reserved 1048576K
}
Event: 18.827 GC heap before
{Heap before GC invocations=11 (full 0):
 garbage-first heap   total 40960K, used 30912K [0x00000000e0000000, 0x0000000100000000)
  region size 1024K, 18 young (18432K), 2 survivors (2048K)
 Metaspace       used 28529K, capacity 29698K, committed 29952K, reserved 1075200K
  class space    used 3795K, capacity 4225K, committed 4352K, reserved 1048576K
}
Event: 18.833 GC heap after
{Heap after GC invocations=12 (full 0):
 garbage-first heap   total 40960K, used 15118K [0x00000000e0000000, 0x0000000100000000)
  region size 1024K, 3 young (3072K), 3 survivors (3072K)
 Metaspace       used 28529K, capacity 29698K, committed 29952K, reserved 1075200K
  class space    used 3795K, capacity 4225K, committed 4352K, reserved 1048576K
}
Event: 25.295 GC heap before
{Heap before GC invocations=12 (full 0):
 garbage-first heap   total 40960K, used 30478K [0x00000000e0000000, 0x0000000100000000)
  region size 1024K, 18 young (18432K), 3 survivors (3072K)
 Metaspace       used 29366K, capacity 30541K, committed 30848K, reserved 1075200K
  class space    used 3902K, capacity 4354K, committed 4480K, reserved 1048576K
}
Event: 25.301 GC heap after
{Heap after GC invocations=13 (full 0):
 garbage-first heap   total 40960K, used 15946K [0x00000000e0000000, 0x0000000100000000)
  region size 1024K, 3 young (3072K), 3 survivors (3072K)
 Metaspace       used 29366K, capacity 30541K, committed 30848K, reserved 1075200K
  class space    used 3902K, capacity 4354K, committed 4480K, reserved 1048576K
}

