# JRE version: Java(TM) SE Runtime Environment (12.0.1+12) (build 12.0.1+12)
# Java VM: Java HotSpot(TM) 64-Bit Server VM (12.0.1+12, mixed mode, sharing, tiered, compressed oops, g1 gc, windows-amd64)
Heap:
 garbage-first heap   total 45056K, used 24605K [0x00000000e0000000, 0x0000000100000000)
  region size 1024K, 7 young (7168K), 1 survivors (1024K)
 Metaspace       used 35957K, capacity 37307K, committed 37452K, reserved 1081344K
  class space    used 4878K, capacity 5418K, committed 5504K, reserved 1048576K
GC Heap History (10 events):
Event: 18.255 GC heap before
{Heap before GC invocations=12 (full 0):
 garbage-first heap   total 45056K, used 32026K [0x00000000e0000000, 0x0000000100000000)
  region size 1024K, 19 young (19456K), 2 survivors (2048K)
 Metaspace       used 31738K, capacity 32869K, committed 33152K, reserved 1077248K
  class space    used 4213K, capacity 4676K, committed 4736K, reserved 1048576K
}
Event: 18.261 GC heap after
{Heap after GC invocations=13 (full 0):
 garbage-first heap   total 45056K, used 16701K [0x00000000e0000000, 0x0000000100000000)
  region size 1024K, 3 young (3072K), 3 survivors (3072K)
 Metaspace       used 31738K, capacity 32869K, committed 33152K, reserved 1077248K
  class space    used 4213K, capacity 4676K, committed 4736K, reserved 1048576K
}
Event: 18.793 GC heap before
{Heap before GC invocations=13 (full 0):
 garbage-first heap   total 45056K, used 33085K [0x00000000e0000000, 0x0000000100000000)
  region size 1024K, 19 young (19456K), 3 survivors (3072K)
 Metaspace       used 34002K, capacity 35232K, committed 35328K, reserved 1079296K
  class space    used 4571K, capacity 5083K, committed 5120K, reserved 1048576K
}
Event: 18.799 GC heap after
{Heap after GC invocations=14 (full 0):
 garbage-first heap   total 45056K, used 17773K [0x00000000e0000000, 0x0000000100000000)
  region size 1024K, 2 young (2048K), 2 survivors (2048K)
 Metaspace       used 34002K, capacity 35232K, committed 35328K, reserved 1079296K
  class space    used 4571K, capacity 5083K, committed 5120K, reserved 1048576K
}
Event: 18.972 GC heap before
{Heap before GC invocations=14 (full 0):
 garbage-first heap   total 45056K, used 21869K [0x00000000e0000000, 0x0000000100000000)
  region size 1024K, 7 young (7168K), 2 survivors (2048K)
 Metaspace       used 34479K, capacity 35744K, committed 35840K, reserved 1079296K
  class space    used 4651K, capacity 5171K, committed 5248K, reserved 1048576K
}
Event: 18.977 GC heap after
{Heap after GC invocations=15 (full 0):
 garbage-first heap   total 45056K, used 18397K [0x00000000e0000000, 0x0000000100000000)
  region size 1024K, 2 young (2048K), 2 survivors (2048K)
 Metaspace       used 34479K, capacity 35744K, committed 35840K, reserved 1079296K
  class space    used 4651K, capacity 5171K, committed 5248K, reserved 1048576K
}
Event: 19.428 GC heap before
{Heap before GC invocations=16 (full 0):
 garbage-first heap   total 45056K, used 29661K [0x00000000e0000000, 0x0000000100000000)
  region size 1024K, 13 young (13312K), 2 survivors (2048K)
 Metaspace       used 35433K, capacity 36691K, committed 36812K, reserved 1081344K
  class space    used 4807K, capacity 5319K, committed 5376K, reserved 1048576K
}
Event: 19.436 GC heap after
{Heap after GC invocations=17 (full 0):
 garbage-first heap   total 45056K, used 19302K [0x00000000e0000000, 0x0000000100000000)
  region size 1024K, 2 young (2048K), 2 survivors (2048K)
 Metaspace       used 35433K, capacity 36691K, committed 36812K, reserved 1081344K
  class space    used 4807K, capacity 5319K, committed 5376K, reserved 1048576K
}
Event: 19.474 GC heap before
{Heap before GC invocations=17 (full 0):
 garbage-first heap   total 45056K, used 20326K [0x00000000e0000000, 0x0000000100000000)
  region size 1024K, 3 young (3072K), 2 survivors (2048K)
 Metaspace       used 35506K, capacity 36816K, committed 37068K, reserved 1081344K
  class space    used 4821K, capacity 5361K, committed 5376K, reserved 1048576K
}
Event: 19.480 GC heap after
{Heap after GC invocations=18 (full 0):
 garbage-first heap   total 45056K, used 19485K [0x00000000e0000000, 0x0000000100000000)
  region size 1024K, 1 young (1024K), 1 survivors (1024K)
 Metaspace       used 35506K, capacity 36816K, committed 37068K, reserved 1081344K
  class space    used 4821K, capacity 5361K, committed 5376K, reserved 1048576K
}

