# JRE version: Java(TM) SE Runtime Environment (12.0.1+12) (build 12.0.1+12)
# Java VM: Java HotSpot(TM) 64-Bit Server VM (12.0.1+12, mixed mode, sharing, tiered, compressed oops, g1 gc, windows-amd64)
Heap:
 garbage-first heap   total 316416K, used 185918K [0x00000000e0000000, 0x0000000100000000)
  region size 1024K, 65 young (66560K), 10 survivors (10240K)
 Metaspace       used 68963K, capacity 71630K, committed 79148K, reserved 323584K
  class space    used 8516K, capacity 9442K, committed 10368K, reserved 253952K
GC Heap History (10 events):
Event: 14937.402 GC heap before
{Heap before GC invocations=47 (full 0):
 garbage-first heap   total 262144K, used 214595K [0x00000000e0000000, 0x0000000100000000)
  region size 1024K, 100 young (102400K), 1 survivors (1024K)
 Metaspace       used 73855K, capacity 76913K, committed 77228K, reserved 321536K
  class space    used 9128K, capacity 10146K, committed 10240K, reserved 253952K
}
Event: 14937.424 GC heap after
{Heap after GC invocations=48 (full 0):
 garbage-first heap   total 262144K, used 112489K [0x00000000e0000000, 0x0000000100000000)
  region size 1024K, 1 young (1024K), 1 survivors (1024K)
 Metaspace       used 73855K, capacity 76913K, committed 77228K, reserved 321536K
  class space    used 9128K, capacity 10146K, committed 10240K, reserved 253952K
}
Event: 16845.960 GC heap before
{Heap before GC invocations=48 (full 0):
 garbage-first heap   total 262144K, used 215913K [0x00000000e0000000, 0x0000000100000000)
  region size 1024K, 103 young (105472K), 1 survivors (1024K)
 Metaspace       used 74019K, capacity 77106K, committed 77228K, reserved 321536K
  class space    used 9149K, capacity 10146K, committed 10240K, reserved 253952K
}
Event: 16845.981 GC heap after
{Heap after GC invocations=49 (full 0):
 garbage-first heap   total 262144K, used 116340K [0x00000000e0000000, 0x0000000100000000)
  region size 1024K, 5 young (5120K), 5 survivors (5120K)
 Metaspace       used 74019K, capacity 77106K, committed 77228K, reserved 321536K
  class space    used 9149K, capacity 10146K, committed 10240K, reserved 253952K
}
Event: 16847.526 GC heap before
{Heap before GC invocations=49 (full 0):
 garbage-first heap   total 262144K, used 216692K [0x00000000e0000000, 0x0000000100000000)
  region size 1024K, 104 young (106496K), 5 survivors (5120K)
 Metaspace       used 74494K, capacity 77654K, committed 77740K, reserved 321536K
  class space    used 9211K, capacity 10222K, committed 10240K, reserved 253952K
}
Event: 16847.593 GC heap after
{Heap after GC invocations=50 (full 0):
 garbage-first heap   total 262144K, used 127763K [0x00000000e0000000, 0x0000000100000000)
  region size 1024K, 13 young (13312K), 13 survivors (13312K)
 Metaspace       used 74494K, capacity 77654K, committed 77740K, reserved 321536K
  class space    used 9211K, capacity 10222K, committed 10240K, reserved 253952K
}
Event: 16849.077 GC heap before
{Heap before GC invocations=50 (full 0):
 garbage-first heap   total 262144K, used 213779K [0x00000000e0000000, 0x0000000100000000)
  region size 1024K, 98 young (100352K), 13 survivors (13312K)
 Metaspace       used 75748K, capacity 78894K, committed 79148K, reserved 323584K
  class space    used 9346K, capacity 10353K, committed 10368K, reserved 253952K
}
Event: 16849.173 GC heap after
{Heap after GC invocations=51 (full 0):
 garbage-first heap   total 262144K, used 130167K [0x00000000e0000000, 0x0000000100000000)
  region size 1024K, 3 young (3072K), 3 survivors (3072K)
 Metaspace       used 75748K, capacity 78894K, committed 79148K, reserved 323584K
  class space    used 9346K, capacity 10353K, committed 10368K, reserved 253952K
}
Event: 16855.026 GC heap before
{Heap before GC invocations=51 (full 0):
 garbage-first heap   total 262144K, used 215159K [0x00000000e0000000, 0x0000000100000000)
  region size 1024K, 87 young (89088K), 3 survivors (3072K)
 Metaspace       used 75768K, capacity 78896K, committed 79148K, reserved 323584K
  class space    used 9347K, capacity 10353K, committed 10368K, reserved 253952K
}
Event: 16855.053 GC heap after
{Heap after GC invocations=52 (full 0):
 garbage-first heap   total 262144K, used 136766K [0x00000000e0000000, 0x0000000100000000)
  region size 1024K, 10 young (10240K), 10 survivors (10240K)
 Metaspace       used 75768K, capacity 78896K, committed 79148K, reserved 323584K
  class space    used 9347K, capacity 10353K, committed 10368K, reserved 253952K
}

