# JRE version: Java(TM) SE Runtime Environment (12.0.1+12) (build 12.0.1+12)
# Java VM: Java HotSpot(TM) 64-Bit Server VM (12.0.1+12, mixed mode, sharing, tiered, compressed oops, g1 gc, windows-amd64)
Heap:
 garbage-first heap   total 262144K, used 149862K [0x00000000e0000000, 0x0000000100000000)
  region size 1024K, 90 young (92160K), 7 survivors (7168K)
 Metaspace       used 64059K, capacity 66016K, committed 66220K, reserved 311296K
  class space    used 8220K, capacity 8923K, committed 8960K, reserved 253952K
GC Heap History (10 events):
Event: 76.225 GC heap before
{Heap before GC invocations=9 (full 0):
 garbage-first heap   total 262144K, used 171536K [0x00000000e0000000, 0x0000000100000000)
  region size 1024K, 146 young (149504K), 14 survivors (14336K)
 Metaspace       used 48105K, capacity 49770K, committed 49920K, reserved 296960K
  class space    used 6473K, capacity 7090K, committed 7168K, reserved 253952K
}
Event: 76.267 GC heap after
{Heap after GC invocations=10 (full 0):
 garbage-first heap   total 262144K, used 41424K [0x00000000e0000000, 0x0000000100000000)
  region size 1024K, 10 young (10240K), 10 survivors (10240K)
 Metaspace       used 48105K, capacity 49770K, committed 49920K, reserved 296960K
  class space    used 6473K, capacity 7090K, committed 7168K, reserved 253952K
}
Event: 728.350 GC heap before
{Heap before GC invocations=10 (full 0):
 garbage-first heap   total 262144K, used 179664K [0x00000000e0000000, 0x0000000100000000)
  region size 1024K, 146 young (149504K), 10 survivors (10240K)
 Metaspace       used 50539K, capacity 52242K, committed 52352K, reserved 299008K
  class space    used 6665K, capacity 7266K, committed 7296K, reserved 253952K
}
Event: 728.377 GC heap after
{Heap after GC invocations=11 (full 0):
 garbage-first heap   total 262144K, used 46032K [0x00000000e0000000, 0x0000000100000000)
  region size 1024K, 14 young (14336K), 14 survivors (14336K)
 Metaspace       used 50539K, capacity 52242K, committed 52352K, reserved 299008K
  class space    used 6665K, capacity 7266K, committed 7296K, reserved 253952K
}
Event: 730.041 GC heap before
{Heap before GC invocations=11 (full 0):
 garbage-first heap   total 262144K, used 73680K [0x00000000e0000000, 0x0000000100000000)
  region size 1024K, 42 young (43008K), 14 survivors (14336K)
 Metaspace       used 57922K, capacity 59867K, committed 59948K, reserved 307200K
  class space    used 7596K, capacity 8292K, committed 8320K, reserved 253952K
}
Event: 730.088 GC heap after
{Heap after GC invocations=12 (full 0):
 garbage-first heap   total 262144K, used 49152K [0x00000000e0000000, 0x0000000100000000)
  region size 1024K, 12 young (12288K), 12 survivors (12288K)
 Metaspace       used 57922K, capacity 59867K, committed 59948K, reserved 307200K
  class space    used 7596K, capacity 8292K, committed 8320K, reserved 253952K
}
Event: 735.686 GC heap before
{Heap before GC invocations=13 (full 0):
 garbage-first heap   total 262144K, used 175104K [0x00000000e0000000, 0x0000000100000000)
  region size 1024K, 136 young (139264K), 12 survivors (12288K)
 Metaspace       used 62583K, capacity 64493K, committed 64556K, reserved 311296K
  class space    used 8087K, capacity 8794K, committed 8832K, reserved 253952K
}
Event: 735.739 GC heap after
{Heap after GC invocations=14 (full 0):
 garbage-first heap   total 262144K, used 63002K [0x00000000e0000000, 0x0000000100000000)
  region size 1024K, 17 young (17408K), 17 survivors (17408K)
 Metaspace       used 62583K, capacity 64493K, committed 64556K, reserved 311296K
  class space    used 8087K, capacity 8794K, committed 8832K, reserved 253952K
}
Event: 738.412 GC heap before
{Heap before GC invocations=14 (full 0):
 garbage-first heap   total 262144K, used 182810K [0x00000000e0000000, 0x0000000100000000)
  region size 1024K, 135 young (138240K), 17 survivors (17408K)
 Metaspace       used 63610K, capacity 65638K, committed 65964K, reserved 311296K
  class space    used 8181K, capacity 8888K, committed 8960K, reserved 253952K
}
Event: 738.450 GC heap after
{Heap after GC invocations=15 (full 0):
 garbage-first heap   total 262144K, used 64870K [0x00000000e0000000, 0x0000000100000000)
  region size 1024K, 7 young (7168K), 7 survivors (7168K)
 Metaspace       used 63610K, capacity 65638K, committed 65964K, reserved 311296K
  class space    used 8181K, capacity 8888K, committed 8960K, reserved 253952K
}

