# JRE version: Java(TM) SE Runtime Environment (12.0.1+12) (build 12.0.1+12)
# Java VM: Java HotSpot(TM) 64-Bit Server VM (12.0.1+12, mixed mode, sharing, tiered, compressed oops, g1 gc, windows-amd64)
Heap:
 garbage-first heap   total 46080K, used 30736K [0x00000000e0000000, 0x0000000100000000)
  region size 1024K, 9 young (9216K), 2 survivors (2048K)
 Metaspace       used 45165K, capacity 46827K, committed 46976K, reserved 1089536K
  class space    used 6341K, capacity 6986K, committed 7040K, reserved 1048576K
GC Heap History (10 events):
Event: 26.899 GC heap before
{Heap before GC invocations=26 (full 0):
 garbage-first heap   total 43008K, used 31736K [0x00000000e0000000, 0x0000000100000000)
  region size 1024K, 11 young (11264K), 1 survivors (1024K)
 Metaspace       used 43820K, capacity 45378K, committed 45568K, reserved 1087488K
  class space    used 6188K, capacity 6787K, committed 6912K, reserved 1048576K
}
Event: 26.905 GC heap after
{Heap after GC invocations=27 (full 0):
 garbage-first heap   total 43008K, used 21939K [0x00000000e0000000, 0x0000000100000000)
  region size 1024K, 1 young (1024K), 1 survivors (1024K)
 Metaspace       used 43820K, capacity 45378K, committed 45568K, reserved 1087488K
  class space    used 6188K, capacity 6787K, committed 6912K, reserved 1048576K
}
Event: 27.372 GC heap before
{Heap before GC invocations=28 (full 0):
 garbage-first heap   total 43008K, used 32179K [0x00000000e0000000, 0x0000000100000000)
  region size 1024K, 11 young (11264K), 1 survivors (1024K)
 Metaspace       used 43938K, capacity 45495K, committed 45824K, reserved 1087488K
  class space    used 6204K, capacity 6823K, committed 6912K, reserved 1048576K
}
Event: 27.378 GC heap after
{Heap after GC invocations=29 (full 0):
 garbage-first heap   total 43008K, used 22846K [0x00000000e0000000, 0x0000000100000000)
  region size 1024K, 2 young (2048K), 2 survivors (2048K)
 Metaspace       used 43938K, capacity 45495K, committed 45824K, reserved 1087488K
  class space    used 6204K, capacity 6823K, committed 6912K, reserved 1048576K
}
Event: 27.771 GC heap before
{Heap before GC invocations=29 (full 0):
 garbage-first heap   total 43008K, used 33086K [0x00000000e0000000, 0x0000000100000000)
  region size 1024K, 12 young (12288K), 2 survivors (2048K)
 Metaspace       used 44117K, capacity 45706K, committed 45824K, reserved 1087488K
  class space    used 6210K, capacity 6825K, committed 6912K, reserved 1048576K
}
Event: 27.779 GC heap after
{Heap after GC invocations=30 (full 0):
 garbage-first heap   total 43008K, used 23054K [0x00000000e0000000, 0x0000000100000000)
  region size 1024K, 2 young (2048K), 2 survivors (2048K)
 Metaspace       used 44117K, capacity 45706K, committed 45824K, reserved 1087488K
  class space    used 6210K, capacity 6825K, committed 6912K, reserved 1048576K
}
Event: 28.165 GC heap before
{Heap before GC invocations=31 (full 0):
 garbage-first heap   total 46080K, used 32270K [0x00000000e0000000, 0x0000000100000000)
  region size 1024K, 11 young (11264K), 2 survivors (2048K)
 Metaspace       used 44530K, capacity 46165K, committed 46464K, reserved 1089536K
  class space    used 6275K, capacity 6913K, committed 7040K, reserved 1048576K
}
Event: 28.169 GC heap after
{Heap after GC invocations=32 (full 0):
 garbage-first heap   total 46080K, used 23665K [0x00000000e0000000, 0x0000000100000000)
  region size 1024K, 2 young (2048K), 2 survivors (2048K)
 Metaspace       used 44530K, capacity 46165K, committed 46464K, reserved 1089536K
  class space    used 6275K, capacity 6913K, committed 7040K, reserved 1048576K
}
Event: 34.470 GC heap before
{Heap before GC invocations=32 (full 0):
 garbage-first heap   total 46080K, used 34929K [0x00000000e0000000, 0x0000000100000000)
  region size 1024K, 13 young (13312K), 2 survivors (2048K)
 Metaspace       used 45052K, capacity 46707K, committed 46976K, reserved 1089536K
  class space    used 6338K, capacity 6986K, committed 7040K, reserved 1048576K
}
Event: 34.476 GC heap after
{Heap after GC invocations=33 (full 0):
 garbage-first heap   total 46080K, used 23636K [0x00000000e0000000, 0x0000000100000000)
  region size 1024K, 1 young (1024K), 1 survivors (1024K)
 Metaspace       used 45052K, capacity 46707K, committed 46976K, reserved 1089536K
  class space    used 6338K, capacity 6986K, committed 7040K, reserved 1048576K
}

