# JRE version: Java(TM) SE Runtime Environment (12.0.1+12) (build 12.0.1+12)
# Java VM: Java HotSpot(TM) 64-Bit Server VM (12.0.1+12, mixed mode, sharing, tiered, compressed oops, g1 gc, windows-amd64)
Heap:
 garbage-first heap   total 40960K, used 23714K [0x00000000e0000000, 0x0000000100000000)
  region size 1024K, 7 young (7168K), 2 survivors (2048K)
 Metaspace       used 36958K, capacity 38379K, committed 38656K, reserved 1083392K
  class space    used 5038K, capacity 5600K, committed 5632K, reserved 1048576K
GC Heap History (10 events):
Event: 15.324 GC heap before
{Heap before GC invocations=11 (full 0):
 garbage-first heap   total 40960K, used 30183K [0x00000000e0000000, 0x0000000100000000)
  region size 1024K, 18 young (18432K), 2 survivors (2048K)
 Metaspace       used 31715K, capacity 32781K, committed 32896K, reserved 1077248K
  class space    used 4252K, capacity 4661K, committed 4736K, reserved 1048576K
}
Event: 15.330 GC heap after
{Heap after GC invocations=12 (full 0):
 garbage-first heap   total 40960K, used 15709K [0x00000000e0000000, 0x0000000100000000)
  region size 1024K, 2 young (2048K), 2 survivors (2048K)
 Metaspace       used 31715K, capacity 32781K, committed 32896K, reserved 1077248K
  class space    used 4252K, capacity 4661K, committed 4736K, reserved 1048576K
}
Event: 16.328 GC heap before
{Heap before GC invocations=12 (full 0):
 garbage-first heap   total 40960K, used 31069K [0x00000000e0000000, 0x0000000100000000)
  region size 1024K, 17 young (17408K), 2 survivors (2048K)
 Metaspace       used 33724K, capacity 35015K, committed 35072K, reserved 1079296K
  class space    used 4595K, capacity 5091K, committed 5120K, reserved 1048576K
}
Event: 16.334 GC heap after
{Heap after GC invocations=13 (full 0):
 garbage-first heap   total 40960K, used 16779K [0x00000000e0000000, 0x0000000100000000)
  region size 1024K, 3 young (3072K), 3 survivors (3072K)
 Metaspace       used 33724K, capacity 35015K, committed 35072K, reserved 1079296K
  class space    used 4595K, capacity 5091K, committed 5120K, reserved 1048576K
}
Event: 16.820 GC heap before
{Heap before GC invocations=13 (full 0):
 garbage-first heap   total 40960K, used 24971K [0x00000000e0000000, 0x0000000100000000)
  region size 1024K, 12 young (12288K), 3 survivors (3072K)
 Metaspace       used 34547K, capacity 35791K, committed 35840K, reserved 1079296K
  class space    used 4717K, capacity 5202K, committed 5248K, reserved 1048576K
}
Event: 16.827 GC heap after
{Heap after GC invocations=14 (full 0):
 garbage-first heap   total 40960K, used 17699K [0x00000000e0000000, 0x0000000100000000)
  region size 1024K, 3 young (3072K), 3 survivors (3072K)
 Metaspace       used 34547K, capacity 35791K, committed 35840K, reserved 1079296K
  class space    used 4717K, capacity 5202K, committed 5248K, reserved 1048576K
}
Event: 17.271 GC heap before
{Heap before GC invocations=15 (full 0):
 garbage-first heap   total 40960K, used 29987K [0x00000000e0000000, 0x0000000100000000)
  region size 1024K, 15 young (15360K), 3 survivors (3072K)
 Metaspace       used 35531K, capacity 36912K, committed 37248K, reserved 1081344K
  class space    used 4861K, capacity 5386K, committed 5504K, reserved 1048576K
}
Event: 17.280 GC heap after
{Heap after GC invocations=16 (full 0):
 garbage-first heap   total 40960K, used 18680K [0x00000000e0000000, 0x0000000100000000)
  region size 1024K, 2 young (2048K), 2 survivors (2048K)
 Metaspace       used 35531K, capacity 36912K, committed 37248K, reserved 1081344K
  class space    used 4861K, capacity 5386K, committed 5504K, reserved 1048576K
}
Event: 17.747 GC heap before
{Heap before GC invocations=17 (full 0):
 garbage-first heap   total 40960K, used 30968K [0x00000000e0000000, 0x0000000100000000)
  region size 1024K, 14 young (14336K), 2 survivors (2048K)
 Metaspace       used 36413K, capacity 37866K, committed 38144K, reserved 1081344K
  class space    used 4966K, capacity 5512K, committed 5632K, reserved 1048576K
}
Event: 17.754 GC heap after
{Heap after GC invocations=18 (full 0):
 garbage-first heap   total 40960K, used 19618K [0x00000000e0000000, 0x0000000100000000)
  region size 1024K, 2 young (2048K), 2 survivors (2048K)
 Metaspace       used 36413K, capacity 37866K, committed 38144K, reserved 1081344K
  class space    used 4966K, capacity 5512K, committed 5632K, reserved 1048576K
}

