# JRE version: Java(TM) SE Runtime Environment (12.0.1+12) (build 12.0.1+12)
# Java VM: Java HotSpot(TM) 64-Bit Server VM (12.0.1+12, mixed mode, sharing, tiered, compressed oops, g1 gc, windows-amd64)
Heap:
 garbage-first heap   total 262144K, used 78730K [0x00000000e0000000, 0x0000000100000000)
  region size 1024K, 63 young (64512K), 10 survivors (10240K)
 Metaspace       used 39666K, capacity 40878K, committed 41088K, reserved 290816K
  class space    used 5513K, capacity 5975K, committed 6016K, reserved 253952K
GC Heap History (10 events):
Event: 8.148 GC heap before
{Heap before GC invocations=3 (full 0):
 garbage-first heap   total 262144K, used 53277K [0x00000000e0000000, 0x0000000100000000)
  region size 1024K, 43 young (44032K), 4 survivors (4096K)
 Metaspace       used 10600K, capacity 11027K, committed 11136K, reserved 264192K
  class space    used 1498K, capacity 1648K, committed 1664K, reserved 253952K
}
Event: 8.157 GC heap after
{Heap after GC invocations=4 (full 0):
 garbage-first heap   total 262144K, used 16141K [0x00000000e0000000, 0x0000000100000000)
  region size 1024K, 3 young (3072K), 3 survivors (3072K)
 Metaspace       used 10600K, capacity 11027K, committed 11136K, reserved 264192K
  class space    used 1498K, capacity 1648K, committed 1664K, reserved 253952K
}
Event: 10.193 GC heap before
{Heap before GC invocations=4 (full 0):
 garbage-first heap   total 262144K, used 70413K [0x00000000e0000000, 0x0000000100000000)
  region size 1024K, 57 young (58368K), 3 survivors (3072K)
 Metaspace       used 17295K, capacity 17956K, committed 18176K, reserved 270336K
  class space    used 2530K, capacity 2751K, committed 2816K, reserved 253952K
}
Event: 10.203 GC heap after
{Heap after GC invocations=5 (full 0):
 garbage-first heap   total 262144K, used 18348K [0x00000000e0000000, 0x0000000100000000)
  region size 1024K, 6 young (6144K), 6 survivors (6144K)
 Metaspace       used 17295K, capacity 17956K, committed 18176K, reserved 270336K
  class space    used 2530K, capacity 2751K, committed 2816K, reserved 253952K
}
Event: 11.962 GC heap before
{Heap before GC invocations=5 (full 0):
 garbage-first heap   total 262144K, used 49068K [0x00000000e0000000, 0x0000000100000000)
  region size 1024K, 37 young (37888K), 6 survivors (6144K)
 Metaspace       used 20512K, capacity 21108K, committed 21248K, reserved 272384K
  class space    used 3043K, capacity 3250K, committed 3328K, reserved 253952K
}
Event: 11.978 GC heap after
{Heap after GC invocations=6 (full 0):
 garbage-first heap   total 262144K, used 19459K [0x00000000e0000000, 0x0000000100000000)
  region size 1024K, 7 young (7168K), 7 survivors (7168K)
 Metaspace       used 20512K, capacity 21108K, committed 21248K, reserved 272384K
  class space    used 3043K, capacity 3250K, committed 3328K, reserved 253952K
}
Event: 15.226 GC heap before
{Heap before GC invocations=7 (full 0):
 garbage-first heap   total 262144K, used 101379K [0x00000000e0000000, 0x0000000100000000)
  region size 1024K, 84 young (86016K), 7 survivors (7168K)
 Metaspace       used 32412K, capacity 33250K, committed 33408K, reserved 282624K
  class space    used 4427K, capacity 4712K, committed 4736K, reserved 253952K
}
Event: 15.249 GC heap after
{Heap after GC invocations=8 (full 0):
 garbage-first heap   total 262144K, used 24618K [0x00000000e0000000, 0x0000000100000000)
  region size 1024K, 9 young (9216K), 9 survivors (9216K)
 Metaspace       used 32412K, capacity 33250K, committed 33408K, reserved 282624K
  class space    used 4427K, capacity 4712K, committed 4736K, reserved 253952K
}
Event: 15.920 GC heap before
{Heap before GC invocations=8 (full 0):
 garbage-first heap   total 262144K, used 50218K [0x00000000e0000000, 0x0000000100000000)
  region size 1024K, 35 young (35840K), 9 survivors (9216K)
 Metaspace       used 34709K, capacity 35610K, committed 35840K, reserved 284672K
  class space    used 4761K, capacity 5097K, committed 5120K, reserved 253952K
}
Event: 15.940 GC heap after
{Heap after GC invocations=9 (full 0):
 garbage-first heap   total 262144K, used 25482K [0x00000000e0000000, 0x0000000100000000)
  region size 1024K, 10 young (10240K), 10 survivors (10240K)
 Metaspace       used 34709K, capacity 35610K, committed 35840K, reserved 284672K
  class space    used 4761K, capacity 5097K, committed 5120K, reserved 253952K
}

