# JRE version: Java(TM) SE Runtime Environment (12.0.1+12) (build 12.0.1+12)
# Java VM: Java HotSpot(TM) 64-Bit Server VM (12.0.1+12, mixed mode, sharing, tiered, compressed oops, g1 gc, windows-amd64)
Heap:
 garbage-first heap   total 48128K, used 28475K [0x00000000e0000000, 0x0000000100000000)
  region size 1024K, 10 young (10240K), 3 survivors (3072K)
 Metaspace       used 41216K, capacity 42749K, committed 43008K, reserved 1085440K
  class space    used 5720K, capacity 6346K, committed 6400K, reserved 1048576K
GC Heap History (10 events):
Event: 13.859 GC heap before
{Heap before GC invocations=11 (full 0):
 garbage-first heap   total 48128K, used 29622K [0x00000000e0000000, 0x0000000100000000)
  region size 1024K, 17 young (17408K), 3 survivors (3072K)
 Metaspace       used 34494K, capacity 35741K, committed 35840K, reserved 1079296K
  class space    used 4715K, capacity 5202K, committed 5248K, reserved 1048576K
}
Event: 13.869 GC heap after
{Heap after GC invocations=12 (full 0):
 garbage-first heap   total 48128K, used 17667K [0x00000000e0000000, 0x0000000100000000)
  region size 1024K, 3 young (3072K), 3 survivors (3072K)
 Metaspace       used 34494K, capacity 35741K, committed 35840K, reserved 1079296K
  class space    used 4715K, capacity 5202K, committed 5248K, reserved 1048576K
}
Event: 14.519 GC heap before
{Heap before GC invocations=13 (full 0):
 garbage-first heap   total 48128K, used 35075K [0x00000000e0000000, 0x0000000100000000)
  region size 1024K, 21 young (21504K), 3 survivors (3072K)
 Metaspace       used 35772K, capacity 37167K, committed 37504K, reserved 1081344K
  class space    used 4888K, capacity 5422K, committed 5504K, reserved 1048576K
}
Event: 14.530 GC heap after
{Heap after GC invocations=14 (full 0):
 garbage-first heap   total 48128K, used 19438K [0x00000000e0000000, 0x0000000100000000)
  region size 1024K, 3 young (3072K), 3 survivors (3072K)
 Metaspace       used 35772K, capacity 37167K, committed 37504K, reserved 1081344K
  class space    used 4888K, capacity 5422K, committed 5504K, reserved 1048576K
}
Event: 15.170 GC heap before
{Heap before GC invocations=15 (full 0):
 garbage-first heap   total 48128K, used 36846K [0x00000000e0000000, 0x0000000100000000)
  region size 1024K, 20 young (20480K), 3 survivors (3072K)
 Metaspace       used 37166K, capacity 38602K, committed 38656K, reserved 1083392K
  class space    used 5066K, capacity 5627K, committed 5632K, reserved 1048576K
}
Event: 15.181 GC heap after
{Heap after GC invocations=16 (full 0):
 garbage-first heap   total 48128K, used 20403K [0x00000000e0000000, 0x0000000100000000)
  region size 1024K, 2 young (2048K), 2 survivors (2048K)
 Metaspace       used 37166K, capacity 38602K, committed 38656K, reserved 1083392K
  class space    used 5066K, capacity 5627K, committed 5632K, reserved 1048576K
}
Event: 15.579 GC heap before
{Heap before GC invocations=16 (full 0):
 garbage-first heap   total 48128K, used 35763K [0x00000000e0000000, 0x0000000100000000)
  region size 1024K, 18 young (18432K), 2 survivors (2048K)
 Metaspace       used 38407K, capacity 39902K, committed 40192K, reserved 1083392K
  class space    used 5226K, capacity 5804K, committed 5888K, reserved 1048576K
}
Event: 15.586 GC heap after
{Heap after GC invocations=17 (full 0):
 garbage-first heap   total 48128K, used 21019K [0x00000000e0000000, 0x0000000100000000)
  region size 1024K, 2 young (2048K), 2 survivors (2048K)
 Metaspace       used 38407K, capacity 39902K, committed 40192K, reserved 1083392K
  class space    used 5226K, capacity 5804K, committed 5888K, reserved 1048576K
}
Event: 16.139 GC heap before
{Heap before GC invocations=17 (full 0):
 garbage-first heap   total 48128K, used 37403K [0x00000000e0000000, 0x0000000100000000)
  region size 1024K, 18 young (18432K), 2 survivors (2048K)
 Metaspace       used 40241K, capacity 41789K, committed 41984K, reserved 1085440K
  class space    used 5509K, capacity 6090K, committed 6144K, reserved 1048576K
}
Event: 16.145 GC heap after
{Heap after GC invocations=18 (full 0):
 garbage-first heap   total 48128K, used 22331K [0x00000000e0000000, 0x0000000100000000)
  region size 1024K, 3 young (3072K), 3 survivors (3072K)
 Metaspace       used 40241K, capacity 41789K, committed 41984K, reserved 1085440K
  class space    used 5509K, capacity 6090K, committed 6144K, reserved 1048576K
}

