# JRE version: Java(TM) SE Runtime Environment (12.0.1+12) (build 12.0.1+12)
# Java VM: Java HotSpot(TM) 64-Bit Server VM (12.0.1+12, mixed mode, sharing, tiered, compressed oops, g1 gc, windows-amd64)
Heap:
 garbage-first heap   total 129024K, used 11199K [0x00000000e0000000, 0x0000000100000000)
  region size 1024K, 7 young (7168K), 5 survivors (5120K)
 Metaspace       used 20377K, capacity 21275K, committed 21504K, reserved 1073152K
  class space    used 2646K, capacity 2980K, committed 3072K, reserved 1048576K
GC Heap History (8 events):
Event: 1.835 GC heap before
{Heap before GC invocations=0 (full 0):
 garbage-first heap   total 129024K, used 13312K [0x00000000e0000000, 0x0000000100000000)
  region size 1024K, 14 young (14336K), 0 survivors (0K)
 Metaspace       used 3633K, capacity 5815K, committed 6144K, reserved 1056768K
  class space    used 454K, capacity 676K, committed 768K, reserved 1048576K
}
Event: 1.853 GC heap after
{Heap after GC invocations=1 (full 0):
 garbage-first heap   total 129024K, used 6912K [0x00000000e0000000, 0x0000000100000000)
  region size 1024K, 2 young (2048K), 2 survivors (2048K)
 Metaspace       used 3633K, capacity 5815K, committed 6144K, reserved 1056768K
  class space    used 454K, capacity 676K, committed 768K, reserved 1048576K
}
Event: 2.974 GC heap before
{Heap before GC invocations=1 (full 0):
 garbage-first heap   total 129024K, used 11008K [0x00000000e0000000, 0x0000000100000000)
  region size 1024K, 6 young (6144K), 2 survivors (2048K)
 Metaspace       used 4918K, capacity 6460K, committed 6784K, reserved 1056768K
  class space    used 622K, capacity 786K, committed 896K, reserved 1048576K
}
Event: 2.980 GC heap after
{Heap after GC invocations=2 (full 0):
 garbage-first heap   total 129024K, used 7192K [0x00000000e0000000, 0x0000000100000000)
  region size 1024K, 1 young (1024K), 1 survivors (1024K)
 Metaspace       used 4918K, capacity 6460K, committed 6784K, reserved 1056768K
  class space    used 622K, capacity 786K, committed 896K, reserved 1048576K
}
Event: 4.138 GC heap before
{Heap before GC invocations=2 (full 0):
 garbage-first heap   total 129024K, used 27672K [0x00000000e0000000, 0x0000000100000000)
  region size 1024K, 22 young (22528K), 1 survivors (1024K)
 Metaspace       used 8836K, capacity 9705K, committed 9856K, reserved 1058816K
  class space    used 1155K, capacity 1332K, committed 1408K, reserved 1048576K
}
Event: 4.143 GC heap after
{Heap after GC invocations=3 (full 0):
 garbage-first heap   total 129024K, used 8153K [0x00000000e0000000, 0x0000000100000000)
  region size 1024K, 2 young (2048K), 2 survivors (2048K)
 Metaspace       used 8836K, capacity 9705K, committed 9856K, reserved 1058816K
  class space    used 1155K, capacity 1332K, committed 1408K, reserved 1048576K
}
Event: 6.494 GC heap before
{Heap before GC invocations=3 (full 0):
 garbage-first heap   total 129024K, used 51161K [0x00000000e0000000, 0x0000000100000000)
  region size 1024K, 45 young (46080K), 2 survivors (2048K)
 Metaspace       used 15121K, capacity 15929K, committed 16256K, reserved 1062912K
  class space    used 2052K, capacity 2346K, committed 2432K, reserved 1048576K
}
Event: 6.502 GC heap after
{Heap after GC invocations=4 (full 0):
 garbage-first heap   total 129024K, used 10299K [0x00000000e0000000, 0x0000000100000000)
  region size 1024K, 4 young (4096K), 4 survivors (4096K)
 Metaspace       used 15121K, capacity 15929K, committed 16256K, reserved 1062912K
  class space    used 2052K, capacity 2346K, committed 2432K, reserved 1048576K
}

