# JRE version: Java(TM) SE Runtime Environment (12.0.1+12) (build 12.0.1+12)
# Java VM: Java HotSpot(TM) 64-Bit Server VM (12.0.1+12, mixed mode, sharing, tiered, compressed oops, g1 gc, windows-amd64)
Heap:
 garbage-first heap   total 40960K, used 28346K [0x00000000e0000000, 0x0000000100000000)
  region size 1024K, 18 young (18432K), 3 survivors (3072K)
 Metaspace       used 29440K, capacity 30614K, committed 30848K, reserved 1075200K
  class space    used 3973K, capacity 4404K, committed 4480K, reserved 1048576K
GC Heap History (10 events):
Event: 6.093 GC heap before
{Heap before GC invocations=4 (full 0):
 garbage-first heap   total 129024K, used 35539K [0x00000000e0000000, 0x0000000100000000)
  region size 1024K, 30 young (30720K), 3 survivors (3072K)
 Metaspace       used 20298K, capacity 21145K, committed 21248K, reserved 1067008K
  class space    used 2649K, capacity 2977K, committed 3072K, reserved 1048576K
}
Event: 6.104 GC heap after
{Heap after GC invocations=5 (full 0):
 garbage-first heap   total 129024K, used 10804K [0x00000000e0000000, 0x0000000100000000)
  region size 1024K, 4 young (4096K), 4 survivors (4096K)
 Metaspace       used 20298K, capacity 21145K, committed 21248K, reserved 1067008K
  class space    used 2649K, capacity 2977K, committed 3072K, reserved 1048576K
}
Event: 6.915 GC heap before
{Heap before GC invocations=6 (full 0):
 garbage-first heap   total 40960K, used 30260K [0x00000000e0000000, 0x0000000100000000)
  region size 1024K, 24 young (24576K), 4 survivors (4096K)
 Metaspace       used 22095K, capacity 23085K, committed 23296K, reserved 1069056K
  class space    used 2892K, capacity 3246K, committed 3328K, reserved 1048576K
}
Event: 6.925 GC heap after
{Heap after GC invocations=7 (full 0):
 garbage-first heap   total 40960K, used 12097K [0x00000000e0000000, 0x0000000100000000)
  region size 1024K, 3 young (3072K), 3 survivors (3072K)
 Metaspace       used 22095K, capacity 23085K, committed 23296K, reserved 1069056K
  class space    used 2892K, capacity 3246K, committed 3328K, reserved 1048576K
}
Event: 7.882 GC heap before
{Heap before GC invocations=7 (full 0):
 garbage-first heap   total 40960K, used 25409K [0x00000000e0000000, 0x0000000100000000)
  region size 1024K, 17 young (17408K), 3 survivors (3072K)
 Metaspace       used 23424K, capacity 24409K, committed 24704K, reserved 1071104K
  class space    used 3053K, capacity 3404K, committed 3456K, reserved 1048576K
}
Event: 7.887 GC heap after
{Heap after GC invocations=8 (full 0):
 garbage-first heap   total 40960K, used 12365K [0x00000000e0000000, 0x0000000100000000)
  region size 1024K, 2 young (2048K), 2 survivors (2048K)
 Metaspace       used 23424K, capacity 24409K, committed 24704K, reserved 1071104K
  class space    used 3053K, capacity 3404K, committed 3456K, reserved 1048576K
}
Event: 9.052 GC heap before
{Heap before GC invocations=8 (full 0):
 garbage-first heap   total 40960K, used 28749K [0x00000000e0000000, 0x0000000100000000)
  region size 1024K, 18 young (18432K), 2 survivors (2048K)
 Metaspace       used 25866K, capacity 26979K, committed 27264K, reserved 1073152K
  class space    used 3484K, capacity 3903K, committed 3968K, reserved 1048576K
}
Event: 9.058 GC heap after
{Heap after GC invocations=9 (full 0):
 garbage-first heap   total 40960K, used 13022K [0x00000000e0000000, 0x0000000100000000)
  region size 1024K, 3 young (3072K), 3 survivors (3072K)
 Metaspace       used 25866K, capacity 26979K, committed 27264K, reserved 1073152K
  class space    used 3484K, capacity 3903K, committed 3968K, reserved 1048576K
}
Event: 9.703 GC heap before
{Heap before GC invocations=9 (full 0):
 garbage-first heap   total 40960K, used 29406K [0x00000000e0000000, 0x0000000100000000)
  region size 1024K, 19 young (19456K), 3 survivors (3072K)
 Metaspace       used 27272K, capacity 28415K, committed 28544K, reserved 1073152K
  class space    used 3674K, capacity 4099K, committed 4224K, reserved 1048576K
}
Event: 9.710 GC heap after
{Heap after GC invocations=10 (full 0):
 garbage-first heap   total 40960K, used 14010K [0x00000000e0000000, 0x0000000100000000)
  region size 1024K, 3 young (3072K), 3 survivors (3072K)
 Metaspace       used 27272K, capacity 28415K, committed 28544K, reserved 1073152K
  class space    used 3674K, capacity 4099K, committed 4224K, reserved 1048576K
}

